[debug] [2021-04-16T16:23:03.428Z] ----------------------------------------------------------------------
[debug] [2021-04-16T16:23:03.431Z] Command:       C:\Program Files\nodejs\node.exe C:\Program Files\nodejs\node_modules\firebase-tools\lib\bin\firebase.js emulators:start
[debug] [2021-04-16T16:23:03.431Z] CLI Version:   9.10.0
[debug] [2021-04-16T16:23:03.431Z] Platform:      win32
[debug] [2021-04-16T16:23:03.432Z] Node Version:  v14.0.0
[debug] [2021-04-16T16:23:03.433Z] Time:          Fri Apr 16 2021 09:23:03 GMT-0700 (Pacific Daylight Time)
[debug] [2021-04-16T16:23:03.433Z] ----------------------------------------------------------------------
[debug] 
[debug] [2021-04-16T16:23:03.485Z] > command requires scopes: ["email","openid","https://www.googleapis.com/auth/cloudplatformprojects.readonly","https://www.googleapis.com/auth/firebase","https://www.googleapis.com/auth/cloud-platform"]
[debug] [2021-04-16T16:23:03.485Z] > authorizing via signed-in user (abhishekpundir789@gmail.com)
[info] i  emulators: Starting emulators: functions, hosting {"metadata":{"emulator":{"name":"hub"},"message":"Starting emulators: functions, hosting"}}
[debug] [2021-04-16T16:23:05.579Z] [hub] writing locator at C:\Users\Chaahat\AppData\Local\Temp\hub-e-commerce-821f5.json
[warn] !  functions: The following emulators are not running, calls to these services from the Functions emulator will affect production: auth, firestore, database, pubsub {"metadata":{"emulator":{"name":"functions"},"message":"The following emulators are not running, calls to these services from the Functions emulator will affect production: \u001b[1mauth, firestore, database, pubsub\u001b[22m"}}
[warn] !  Your requested "node" version "12" doesn't match your global version "14" {"metadata":{"emulator":{"name":"functions"},"message":"Your requested \"node\" version \"12\" doesn't match your global version \"14\""}}
[debug] [2021-04-16T16:23:07.676Z] defaultcredentials: writing to file C:\Users\Chaahat\AppData\Roaming\firebase\abhishekpundir789_gmail_com_application_default_credentials.json
[debug] [2021-04-16T16:23:07.680Z] Setting GAC to C:\Users\Chaahat\AppData\Roaming\firebase\abhishekpundir789_gmail_com_application_default_credentials.json {"metadata":{"emulator":{"name":"functions"},"message":"Setting GAC to C:\\Users\\Chaahat\\AppData\\Roaming\\firebase\\abhishekpundir789_gmail_com_application_default_credentials.json"}}
[debug] [2021-04-16T16:23:07.683Z] > refreshing access token with scopes: []
[debug] [2021-04-16T16:23:07.685Z] >>> HTTP REQUEST POST https://www.googleapis.com/oauth2/v3/token  
 <request body omitted>
[debug] [2021-04-16T16:23:07.818Z] <<< HTTP RESPONSE 200 {"cache-control":"no-cache, no-store, max-age=0, must-revalidate","date":"Fri, 16 Apr 2021 16:23:07 GMT","pragma":"no-cache","expires":"Mon, 01 Jan 1990 00:00:00 GMT","content-type":"application/json; charset=utf-8","vary":"X-Origin, Referer, Origin,Accept-Encoding","server":"scaffolding on HTTPServer2","x-xss-protection":"0","x-frame-options":"SAMEORIGIN","x-content-type-options":"nosniff","alt-svc":"h3-29=\":443\"; ma=2592000,h3-T051=\":443\"; ma=2592000,h3-Q050=\":443\"; ma=2592000,h3-Q046=\":443\"; ma=2592000,h3-Q043=\":443\"; ma=2592000,quic=\":443\"; ma=2592000; v=\"46,43\"","accept-ranges":"none","transfer-encoding":"chunked"}
[debug] [2021-04-16T16:23:07.930Z] >>> [apiv2][query] GET https://firebase.googleapis.com/v1beta1/projects/e-commerce-821f5/adminSdkConfig [none]
[debug] [2021-04-16T16:23:08.213Z] <<< [apiv2][status] GET https://firebase.googleapis.com/v1beta1/projects/e-commerce-821f5/adminSdkConfig 200
[debug] [2021-04-16T16:23:08.213Z] <<< [apiv2][body] GET https://firebase.googleapis.com/v1beta1/projects/e-commerce-821f5/adminSdkConfig {"projectId":"e-commerce-821f5","storageBucket":"e-commerce-821f5.appspot.com","locationId":"us-central"}
[debug] [2021-04-16T16:23:10.350Z] >>> [apiv2][query] GET https://firebase.googleapis.com/v1beta1/projects/e-commerce-821f5/webApps/-/config [none]
[debug] [2021-04-16T16:23:10.811Z] <<< [apiv2][status] GET https://firebase.googleapis.com/v1beta1/projects/e-commerce-821f5/webApps/-/config 200
[debug] [2021-04-16T16:23:10.812Z] <<< [apiv2][body] GET https://firebase.googleapis.com/v1beta1/projects/e-commerce-821f5/webApps/-/config {"projectId":"e-commerce-821f5","appId":"1:112859854036:web:6a1fe6d142c3526384b741","storageBucket":"e-commerce-821f5.appspot.com","locationId":"us-central","apiKey":"AIzaSyBaKSjBLR6YdSTIzNozuAphNsVl2GlN3cM","authDomain":"e-commerce-821f5.firebaseapp.com","messagingSenderId":"112859854036"}
[info] i  hosting: Serving hosting files from: build {"metadata":{"emulator":{"name":"hosting"},"message":"Serving hosting files from: \u001b[1mbuild\u001b[22m"}}
[info] +  hosting: Local server: http://localhost:5000 {"metadata":{"emulator":{"name":"hosting"},"message":"Local server: \u001b[4m\u001b[1mhttp://localhost:5000\u001b[22m\u001b[24m"}}
[debug] [2021-04-16T16:23:15.171Z] Ignoring unsupported arg: auto_download {"metadata":{"emulator":{"name":"ui"},"message":"Ignoring unsupported arg: auto_download"}}
[debug] [2021-04-16T16:23:15.172Z] Ignoring unsupported arg: port {"metadata":{"emulator":{"name":"ui"},"message":"Ignoring unsupported arg: port"}}
[debug] [2021-04-16T16:23:15.173Z] Starting Emulator UI with command {"binary":"node","args":["C:\\Users\\Chaahat\\.cache\\firebase\\emulators\\ui-v1.4.2\\server.bundle.js"],"optionalArgs":[],"joinArgs":false} {"metadata":{"emulator":{"name":"ui"},"message":"Starting Emulator UI with command {\"binary\":\"node\",\"args\":[\"C:\\\\Users\\\\Chaahat\\\\.cache\\\\firebase\\\\emulators\\\\ui-v1.4.2\\\\server.bundle.js\"],\"optionalArgs\":[],\"joinArgs\":false}"}}
[info] i  ui: Emulator UI logging to ui-debug.log {"metadata":{"emulator":{"name":"ui"},"message":"Emulator UI logging to \u001b[1mui-debug.log\u001b[22m"}}
[debug] [2021-04-16T16:23:15.580Z] Web / API server started at http://localhost:4000
 {"metadata":{"emulator":{"name":"ui"},"message":"Web / API server started at http://localhost:4000\n"}}
[info] i  functions: Watching "C:\Users\Chaahat\Desktop\BCIT_SSD\PassionProject\passion-project-abhishekpundir789\e-commerce\functions" for Cloud Functions... {"metadata":{"emulator":{"name":"functions"},"message":"Watching \"C:\\Users\\Chaahat\\Desktop\\BCIT_SSD\\PassionProject\\passion-project-abhishekpundir789\\e-commerce\\functions\" for Cloud Functions..."}}
[debug] [2021-04-16T16:23:15.746Z] [worker-pool] addWorker(~diagnostic~) {"metadata":{"emulator":{"name":"functions"},"message":"[worker-pool] addWorker(~diagnostic~)"}}
[debug] [2021-04-16T16:23:15.747Z] [worker-pool] Adding worker with key ~diagnostic~, total=1 {"metadata":{"emulator":{"name":"functions"},"message":"[worker-pool] Adding worker with key ~diagnostic~, total=1"}}
[debug] [2021-04-16T16:23:15.747Z] [worker-pool] submitWork(triggerId=) {"metadata":{"emulator":{"name":"functions"},"message":"[worker-pool] submitWork(triggerId=)"}}
[debug] [2021-04-16T16:23:15.748Z] [worker-~diagnostic~-525213ed-d81f-419c-8342-1b14e238a64b]: Assigning socketPath: \\?\pipe\C:\Users\Chaahat\Desktop\BCIT_SSD\PassionProject\passion-project-abhishekpundir789\e-commerce\functions\13452 {"metadata":{"emulator":{"name":"functions"},"message":"[worker-~diagnostic~-525213ed-d81f-419c-8342-1b14e238a64b]: Assigning socketPath: \\\\?\\pipe\\C:\\Users\\Chaahat\\Desktop\\BCIT_SSD\\PassionProject\\passion-project-abhishekpundir789\\e-commerce\\functions\\13452"}}
[debug] [2021-04-16T16:23:15.749Z] [worker-~diagnostic~-525213ed-d81f-419c-8342-1b14e238a64b]: BUSY {"metadata":{"emulator":{"name":"functions"},"message":"[worker-~diagnostic~-525213ed-d81f-419c-8342-1b14e238a64b]: BUSY"}}
[debug] [2021-04-16T16:23:16.232Z] [runtime-status] [13452] Functions runtime initialized. {"cwd":"C:\\Users\\Chaahat\\Desktop\\BCIT_SSD\\PassionProject\\passion-project-abhishekpundir789\\e-commerce\\functions","node_version":"14.0.0"} {"metadata":{"emulator":{"name":"functions"},"message":"[runtime-status] [13452] Functions runtime initialized. {\"cwd\":\"C:\\\\Users\\\\Chaahat\\\\Desktop\\\\BCIT_SSD\\\\PassionProject\\\\passion-project-abhishekpundir789\\\\e-commerce\\\\functions\",\"node_version\":\"14.0.0\"}"}}
[debug] [2021-04-16T16:23:16.233Z] [runtime-status] [13452] Disabled runtime features: undefined {"metadata":{"emulator":{"name":"functions"},"message":"[runtime-status] [13452] Disabled runtime features: undefined"}}
[debug] [2021-04-16T16:23:16.237Z] [runtime-status] [13452] Resolved module firebase-admin {"declared":true,"installed":true,"version":"9.6.0","resolution":"C:\\Users\\Chaahat\\Desktop\\BCIT_SSD\\PassionProject\\passion-project-abhishekpundir789\\e-commerce\\functions\\node_modules\\firebase-admin\\lib\\index.js"} {"metadata":{"emulator":{"name":"functions"},"message":"[runtime-status] [13452] Resolved module firebase-admin {\"declared\":true,\"installed\":true,\"version\":\"9.6.0\",\"resolution\":\"C:\\\\Users\\\\Chaahat\\\\Desktop\\\\BCIT_SSD\\\\PassionProject\\\\passion-project-abhishekpundir789\\\\e-commerce\\\\functions\\\\node_modules\\\\firebase-admin\\\\lib\\\\index.js\"}"}}
[debug] [2021-04-16T16:23:16.240Z] [runtime-status] [13452] Resolved module firebase-functions {"declared":true,"installed":true,"version":"3.13.2","resolution":"C:\\Users\\Chaahat\\Desktop\\BCIT_SSD\\PassionProject\\passion-project-abhishekpundir789\\e-commerce\\functions\\node_modules\\firebase-functions\\lib\\index.js"} {"metadata":{"emulator":{"name":"functions"},"message":"[runtime-status] [13452] Resolved module firebase-functions {\"declared\":true,\"installed\":true,\"version\":\"3.13.2\",\"resolution\":\"C:\\\\Users\\\\Chaahat\\\\Desktop\\\\BCIT_SSD\\\\PassionProject\\\\passion-project-abhishekpundir789\\\\e-commerce\\\\functions\\\\node_modules\\\\firebase-functions\\\\lib\\\\index.js\"}"}}
[debug] [2021-04-16T16:23:16.242Z] [runtime-status] [13452] Resolved module firebase-functions {"declared":true,"installed":true,"version":"3.13.2","resolution":"C:\\Users\\Chaahat\\Desktop\\BCIT_SSD\\PassionProject\\passion-project-abhishekpundir789\\e-commerce\\functions\\node_modules\\firebase-functions\\lib\\index.js"} {"metadata":{"emulator":{"name":"functions"},"message":"[runtime-status] [13452] Resolved module firebase-functions {\"declared\":true,\"installed\":true,\"version\":\"3.13.2\",\"resolution\":\"C:\\\\Users\\\\Chaahat\\\\Desktop\\\\BCIT_SSD\\\\PassionProject\\\\passion-project-abhishekpundir789\\\\e-commerce\\\\functions\\\\node_modules\\\\firebase-functions\\\\lib\\\\index.js\"}"}}
[debug] [2021-04-16T16:23:16.245Z] [runtime-status] [13452] Outgoing network have been stubbed. [{"name":"http","status":"mocked"},{"name":"http","status":"mocked"},{"name":"https","status":"mocked"},{"name":"https","status":"mocked"},{"name":"net","status":"mocked"}] {"metadata":{"emulator":{"name":"functions"},"message":"[runtime-status] [13452] Outgoing network have been stubbed. [{\"name\":\"http\",\"status\":\"mocked\"},{\"name\":\"http\",\"status\":\"mocked\"},{\"name\":\"https\",\"status\":\"mocked\"},{\"name\":\"https\",\"status\":\"mocked\"},{\"name\":\"net\",\"status\":\"mocked\"}]"}}
[debug] [2021-04-16T16:23:16.246Z] [runtime-status] [13452] Resolved module firebase-functions {"declared":true,"installed":true,"version":"3.13.2","resolution":"C:\\Users\\Chaahat\\Desktop\\BCIT_SSD\\PassionProject\\passion-project-abhishekpundir789\\e-commerce\\functions\\node_modules\\firebase-functions\\lib\\index.js"} {"metadata":{"emulator":{"name":"functions"},"message":"[runtime-status] [13452] Resolved module firebase-functions {\"declared\":true,\"installed\":true,\"version\":\"3.13.2\",\"resolution\":\"C:\\\\Users\\\\Chaahat\\\\Desktop\\\\BCIT_SSD\\\\PassionProject\\\\passion-project-abhishekpundir789\\\\e-commerce\\\\functions\\\\node_modules\\\\firebase-functions\\\\lib\\\\index.js\"}"}}
[debug] [2021-04-16T16:23:17.047Z] [runtime-status] [13452] Checked functions.config() {"config":{}} {"metadata":{"emulator":{"name":"functions"},"message":"[runtime-status] [13452] Checked functions.config() {\"config\":{}}"}}
[debug] [2021-04-16T16:23:17.049Z] [runtime-status] [13452] firebase-functions has been stubbed. {"functionsResolution":{"declared":true,"installed":true,"version":"3.13.2","resolution":"C:\\Users\\Chaahat\\Desktop\\BCIT_SSD\\PassionProject\\passion-project-abhishekpundir789\\e-commerce\\functions\\node_modules\\firebase-functions\\lib\\index.js"}} {"metadata":{"emulator":{"name":"functions"},"message":"[runtime-status] [13452] firebase-functions has been stubbed. {\"functionsResolution\":{\"declared\":true,\"installed\":true,\"version\":\"3.13.2\",\"resolution\":\"C:\\\\Users\\\\Chaahat\\\\Desktop\\\\BCIT_SSD\\\\PassionProject\\\\passion-project-abhishekpundir789\\\\e-commerce\\\\functions\\\\node_modules\\\\firebase-functions\\\\lib\\\\index.js\"}}"}}
[debug] [2021-04-16T16:23:17.051Z] [runtime-status] [13452] Resolved module firebase-functions {"declared":true,"installed":true,"version":"3.13.2","resolution":"C:\\Users\\Chaahat\\Desktop\\BCIT_SSD\\PassionProject\\passion-project-abhishekpundir789\\e-commerce\\functions\\node_modules\\firebase-functions\\lib\\index.js"} {"metadata":{"emulator":{"name":"functions"},"message":"[runtime-status] [13452] Resolved module firebase-functions {\"declared\":true,\"installed\":true,\"version\":\"3.13.2\",\"resolution\":\"C:\\\\Users\\\\Chaahat\\\\Desktop\\\\BCIT_SSD\\\\PassionProject\\\\passion-project-abhishekpundir789\\\\e-commerce\\\\functions\\\\node_modules\\\\firebase-functions\\\\lib\\\\index.js\"}"}}
[debug] [2021-04-16T16:23:17.054Z] [runtime-status] [13452] Resolved module firebase-admin {"declared":true,"installed":true,"version":"9.6.0","resolution":"C:\\Users\\Chaahat\\Desktop\\BCIT_SSD\\PassionProject\\passion-project-abhishekpundir789\\e-commerce\\functions\\node_modules\\firebase-admin\\lib\\index.js"} {"metadata":{"emulator":{"name":"functions"},"message":"[runtime-status] [13452] Resolved module firebase-admin {\"declared\":true,\"installed\":true,\"version\":\"9.6.0\",\"resolution\":\"C:\\\\Users\\\\Chaahat\\\\Desktop\\\\BCIT_SSD\\\\PassionProject\\\\passion-project-abhishekpundir789\\\\e-commerce\\\\functions\\\\node_modules\\\\firebase-admin\\\\lib\\\\index.js\"}"}}
[debug] [2021-04-16T16:23:17.055Z] [runtime-status] [13452] Resolved module firebase-functions {"declared":true,"installed":true,"version":"3.13.2","resolution":"C:\\Users\\Chaahat\\Desktop\\BCIT_SSD\\PassionProject\\passion-project-abhishekpundir789\\e-commerce\\functions\\node_modules\\firebase-functions\\lib\\index.js"} {"metadata":{"emulator":{"name":"functions"},"message":"[runtime-status] [13452] Resolved module firebase-functions {\"declared\":true,\"installed\":true,\"version\":\"3.13.2\",\"resolution\":\"C:\\\\Users\\\\Chaahat\\\\Desktop\\\\BCIT_SSD\\\\PassionProject\\\\passion-project-abhishekpundir789\\\\e-commerce\\\\functions\\\\node_modules\\\\firebase-functions\\\\lib\\\\index.js\"}"}}
[debug] [2021-04-16T16:23:17.056Z] [runtime-status] [13452] firebase-admin has been stubbed. {"adminResolution":{"declared":true,"installed":true,"version":"9.6.0","resolution":"C:\\Users\\Chaahat\\Desktop\\BCIT_SSD\\PassionProject\\passion-project-abhishekpundir789\\e-commerce\\functions\\node_modules\\firebase-admin\\lib\\index.js"}} {"metadata":{"emulator":{"name":"functions"},"message":"[runtime-status] [13452] firebase-admin has been stubbed. {\"adminResolution\":{\"declared\":true,\"installed\":true,\"version\":\"9.6.0\",\"resolution\":\"C:\\\\Users\\\\Chaahat\\\\Desktop\\\\BCIT_SSD\\\\PassionProject\\\\passion-project-abhishekpundir789\\\\e-commerce\\\\functions\\\\node_modules\\\\firebase-admin\\\\lib\\\\index.js\"}}"}}
[info] +  functions[api]: http function initialized (http://localhost:5001/e-commerce-821f5/us-central1/api). {"metadata":{"emulator":{"name":"functions"},"message":"\u001b[1mhttp\u001b[22m function initialized (http://localhost:5001/e-commerce-821f5/us-central1/api)."}}
[info] 
┌─────────────────────────────────────────────────────────────┐
│ ✔  All emulators ready! It is now safe to connect your app. │
│ i  View Emulator UI at http://localhost:4000                │
└─────────────────────────────────────────────────────────────┘

┌───────────┬────────────────┬─────────────────────────────────┐
│ Emulator  │ Host:Port      │ View in Emulator UI             │
├───────────┼────────────────┼─────────────────────────────────┤
│ Functions │ localhost:5001 │ http://localhost:4000/functions │
├───────────┼────────────────┼─────────────────────────────────┤
│ Hosting   │ localhost:5000 │ n/a                             │
└───────────┴────────────────┴─────────────────────────────────┘
  Emulator Hub running at localhost:4400
  Other reserved ports: 4500

Issues? Report them at https://github.com/firebase/firebase-tools/issues and attach the *-debug.log files.
 
[debug] [2021-04-16T16:23:19.442Z] [worker-~diagnostic~-525213ed-d81f-419c-8342-1b14e238a64b]: IDLE {"metadata":{"emulator":{"name":"functions"},"message":"[worker-~diagnostic~-525213ed-d81f-419c-8342-1b14e238a64b]: IDLE"}}
[debug] [2021-04-16T16:24:01.755Z] [work-queue] {"queueLength":1,"workRunningCount":0}
[debug] [2021-04-16T16:24:01.755Z] [work-queue] {"queueLength":0,"workRunningCount":1}
[debug] [2021-04-16T16:24:01.756Z] Accepted request POST /e-commerce-821f5/us-central1/api/payments/create?total=78685 --> api
[debug] [2021-04-16T16:24:01.764Z] [worker-pool] addWorker(api) {"metadata":{"emulator":{"name":"functions"},"message":"[worker-pool] addWorker(api)"}}
[debug] [2021-04-16T16:24:01.764Z] [worker-pool] Adding worker with key api, total=1 {"metadata":{"emulator":{"name":"functions"},"message":"[worker-pool] Adding worker with key api, total=1"}}
[debug] [2021-04-16T16:24:01.765Z] [worker-pool] submitWork(triggerId=api) {"metadata":{"emulator":{"name":"functions"},"message":"[worker-pool] submitWork(triggerId=api)"}}
[debug] [2021-04-16T16:24:01.765Z] [worker-api-c0c09738-b6f7-474a-b9a6-a258133ae80c]: Assigning socketPath: \\?\pipe\C:\Users\Chaahat\Desktop\BCIT_SSD\PassionProject\passion-project-abhishekpundir789\e-commerce\functions\10668 {"metadata":{"emulator":{"name":"functions"},"message":"[worker-api-c0c09738-b6f7-474a-b9a6-a258133ae80c]: Assigning socketPath: \\\\?\\pipe\\C:\\Users\\Chaahat\\Desktop\\BCIT_SSD\\PassionProject\\passion-project-abhishekpundir789\\e-commerce\\functions\\10668"}}
[debug] [2021-04-16T16:24:01.765Z] [worker-api-c0c09738-b6f7-474a-b9a6-a258133ae80c]: BUSY {"metadata":{"emulator":{"name":"functions"},"message":"[worker-api-c0c09738-b6f7-474a-b9a6-a258133ae80c]: BUSY"}}
[debug] [2021-04-16T16:24:02.122Z] [runtime-status] [10668] Functions runtime initialized. {"cwd":"C:\\Users\\Chaahat\\Desktop\\BCIT_SSD\\PassionProject\\passion-project-abhishekpundir789\\e-commerce\\functions","node_version":"14.0.0"} {"metadata":{"emulator":{"name":"functions"},"function":{"name":"api"},"message":"[runtime-status] [10668] Functions runtime initialized. {\"cwd\":\"C:\\\\Users\\\\Chaahat\\\\Desktop\\\\BCIT_SSD\\\\PassionProject\\\\passion-project-abhishekpundir789\\\\e-commerce\\\\functions\",\"node_version\":\"14.0.0\"}"}}
[debug] [2021-04-16T16:24:02.124Z] [runtime-status] [10668] Disabled runtime features: undefined {"metadata":{"emulator":{"name":"functions"},"function":{"name":"api"},"message":"[runtime-status] [10668] Disabled runtime features: undefined"}}
[debug] [2021-04-16T16:24:02.129Z] [runtime-status] [10668] Resolved module firebase-admin {"declared":true,"installed":true,"version":"9.6.0","resolution":"C:\\Users\\Chaahat\\Desktop\\BCIT_SSD\\PassionProject\\passion-project-abhishekpundir789\\e-commerce\\functions\\node_modules\\firebase-admin\\lib\\index.js"} {"metadata":{"emulator":{"name":"functions"},"function":{"name":"api"},"message":"[runtime-status] [10668] Resolved module firebase-admin {\"declared\":true,\"installed\":true,\"version\":\"9.6.0\",\"resolution\":\"C:\\\\Users\\\\Chaahat\\\\Desktop\\\\BCIT_SSD\\\\PassionProject\\\\passion-project-abhishekpundir789\\\\e-commerce\\\\functions\\\\node_modules\\\\firebase-admin\\\\lib\\\\index.js\"}"}}
[debug] [2021-04-16T16:24:02.131Z] [runtime-status] [10668] Resolved module firebase-functions {"declared":true,"installed":true,"version":"3.13.2","resolution":"C:\\Users\\Chaahat\\Desktop\\BCIT_SSD\\PassionProject\\passion-project-abhishekpundir789\\e-commerce\\functions\\node_modules\\firebase-functions\\lib\\index.js"} {"metadata":{"emulator":{"name":"functions"},"function":{"name":"api"},"message":"[runtime-status] [10668] Resolved module firebase-functions {\"declared\":true,\"installed\":true,\"version\":\"3.13.2\",\"resolution\":\"C:\\\\Users\\\\Chaahat\\\\Desktop\\\\BCIT_SSD\\\\PassionProject\\\\passion-project-abhishekpundir789\\\\e-commerce\\\\functions\\\\node_modules\\\\firebase-functions\\\\lib\\\\index.js\"}"}}
[debug] [2021-04-16T16:24:02.134Z] [runtime-status] [10668] Resolved module firebase-functions {"declared":true,"installed":true,"version":"3.13.2","resolution":"C:\\Users\\Chaahat\\Desktop\\BCIT_SSD\\PassionProject\\passion-project-abhishekpundir789\\e-commerce\\functions\\node_modules\\firebase-functions\\lib\\index.js"} {"metadata":{"emulator":{"name":"functions"},"function":{"name":"api"},"message":"[runtime-status] [10668] Resolved module firebase-functions {\"declared\":true,\"installed\":true,\"version\":\"3.13.2\",\"resolution\":\"C:\\\\Users\\\\Chaahat\\\\Desktop\\\\BCIT_SSD\\\\PassionProject\\\\passion-project-abhishekpundir789\\\\e-commerce\\\\functions\\\\node_modules\\\\firebase-functions\\\\lib\\\\index.js\"}"}}
[debug] [2021-04-16T16:24:02.137Z] [runtime-status] [10668] Outgoing network have been stubbed. [{"name":"http","status":"mocked"},{"name":"http","status":"mocked"},{"name":"https","status":"mocked"},{"name":"https","status":"mocked"},{"name":"net","status":"mocked"}] {"metadata":{"emulator":{"name":"functions"},"function":{"name":"api"},"message":"[runtime-status] [10668] Outgoing network have been stubbed. [{\"name\":\"http\",\"status\":\"mocked\"},{\"name\":\"http\",\"status\":\"mocked\"},{\"name\":\"https\",\"status\":\"mocked\"},{\"name\":\"https\",\"status\":\"mocked\"},{\"name\":\"net\",\"status\":\"mocked\"}]"}}
[debug] [2021-04-16T16:24:02.138Z] [runtime-status] [10668] Resolved module firebase-functions {"declared":true,"installed":true,"version":"3.13.2","resolution":"C:\\Users\\Chaahat\\Desktop\\BCIT_SSD\\PassionProject\\passion-project-abhishekpundir789\\e-commerce\\functions\\node_modules\\firebase-functions\\lib\\index.js"} {"metadata":{"emulator":{"name":"functions"},"function":{"name":"api"},"message":"[runtime-status] [10668] Resolved module firebase-functions {\"declared\":true,\"installed\":true,\"version\":\"3.13.2\",\"resolution\":\"C:\\\\Users\\\\Chaahat\\\\Desktop\\\\BCIT_SSD\\\\PassionProject\\\\passion-project-abhishekpundir789\\\\e-commerce\\\\functions\\\\node_modules\\\\firebase-functions\\\\lib\\\\index.js\"}"}}
[debug] [2021-04-16T16:24:02.285Z] [runtime-status] [10668] Checked functions.config() {"config":{}} {"metadata":{"emulator":{"name":"functions"},"function":{"name":"api"},"message":"[runtime-status] [10668] Checked functions.config() {\"config\":{}}"}}
[debug] [2021-04-16T16:24:02.286Z] [runtime-status] [10668] firebase-functions has been stubbed. {"functionsResolution":{"declared":true,"installed":true,"version":"3.13.2","resolution":"C:\\Users\\Chaahat\\Desktop\\BCIT_SSD\\PassionProject\\passion-project-abhishekpundir789\\e-commerce\\functions\\node_modules\\firebase-functions\\lib\\index.js"}} {"metadata":{"emulator":{"name":"functions"},"function":{"name":"api"},"message":"[runtime-status] [10668] firebase-functions has been stubbed. {\"functionsResolution\":{\"declared\":true,\"installed\":true,\"version\":\"3.13.2\",\"resolution\":\"C:\\\\Users\\\\Chaahat\\\\Desktop\\\\BCIT_SSD\\\\PassionProject\\\\passion-project-abhishekpundir789\\\\e-commerce\\\\functions\\\\node_modules\\\\firebase-functions\\\\lib\\\\index.js\"}}"}}
[debug] [2021-04-16T16:24:02.287Z] [runtime-status] [10668] Resolved module firebase-functions {"declared":true,"installed":true,"version":"3.13.2","resolution":"C:\\Users\\Chaahat\\Desktop\\BCIT_SSD\\PassionProject\\passion-project-abhishekpundir789\\e-commerce\\functions\\node_modules\\firebase-functions\\lib\\index.js"} {"metadata":{"emulator":{"name":"functions"},"function":{"name":"api"},"message":"[runtime-status] [10668] Resolved module firebase-functions {\"declared\":true,\"installed\":true,\"version\":\"3.13.2\",\"resolution\":\"C:\\\\Users\\\\Chaahat\\\\Desktop\\\\BCIT_SSD\\\\PassionProject\\\\passion-project-abhishekpundir789\\\\e-commerce\\\\functions\\\\node_modules\\\\firebase-functions\\\\lib\\\\index.js\"}"}}
[debug] [2021-04-16T16:24:02.289Z] [runtime-status] [10668] Resolved module firebase-admin {"declared":true,"installed":true,"version":"9.6.0","resolution":"C:\\Users\\Chaahat\\Desktop\\BCIT_SSD\\PassionProject\\passion-project-abhishekpundir789\\e-commerce\\functions\\node_modules\\firebase-admin\\lib\\index.js"} {"metadata":{"emulator":{"name":"functions"},"function":{"name":"api"},"message":"[runtime-status] [10668] Resolved module firebase-admin {\"declared\":true,\"installed\":true,\"version\":\"9.6.0\",\"resolution\":\"C:\\\\Users\\\\Chaahat\\\\Desktop\\\\BCIT_SSD\\\\PassionProject\\\\passion-project-abhishekpundir789\\\\e-commerce\\\\functions\\\\node_modules\\\\firebase-admin\\\\lib\\\\index.js\"}"}}
[debug] [2021-04-16T16:24:02.290Z] [runtime-status] [10668] Resolved module firebase-functions {"declared":true,"installed":true,"version":"3.13.2","resolution":"C:\\Users\\Chaahat\\Desktop\\BCIT_SSD\\PassionProject\\passion-project-abhishekpundir789\\e-commerce\\functions\\node_modules\\firebase-functions\\lib\\index.js"} {"metadata":{"emulator":{"name":"functions"},"function":{"name":"api"},"message":"[runtime-status] [10668] Resolved module firebase-functions {\"declared\":true,\"installed\":true,\"version\":\"3.13.2\",\"resolution\":\"C:\\\\Users\\\\Chaahat\\\\Desktop\\\\BCIT_SSD\\\\PassionProject\\\\passion-project-abhishekpundir789\\\\e-commerce\\\\functions\\\\node_modules\\\\firebase-functions\\\\lib\\\\index.js\"}"}}
[debug] [2021-04-16T16:24:02.292Z] [runtime-status] [10668] firebase-admin has been stubbed. {"adminResolution":{"declared":true,"installed":true,"version":"9.6.0","resolution":"C:\\Users\\Chaahat\\Desktop\\BCIT_SSD\\PassionProject\\passion-project-abhishekpundir789\\e-commerce\\functions\\node_modules\\firebase-admin\\lib\\index.js"}} {"metadata":{"emulator":{"name":"functions"},"function":{"name":"api"},"message":"[runtime-status] [10668] firebase-admin has been stubbed. {\"adminResolution\":{\"declared\":true,\"installed\":true,\"version\":\"9.6.0\",\"resolution\":\"C:\\\\Users\\\\Chaahat\\\\Desktop\\\\BCIT_SSD\\\\PassionProject\\\\passion-project-abhishekpundir789\\\\e-commerce\\\\functions\\\\node_modules\\\\firebase-admin\\\\lib\\\\index.js\"}}"}}
[debug] [2021-04-16T16:24:02.566Z] [runtime-status] [10668] Trigger "api" has been found, beginning invocation! {"metadata":{"emulator":{"name":"functions"},"function":{"name":"api"},"message":"[runtime-status] [10668] Trigger \"api\" has been found, beginning invocation!"}}
[info] i  functions: Beginning execution of "api" {"metadata":{"emulator":{"name":"functions"},"function":{"name":"api"},"message":"Beginning execution of \"api\""}}
[debug] [2021-04-16T16:24:02.568Z] [runtime-status] [10668] triggerDefinition {"httpsTrigger":{},"name":"api","entryPoint":"api"} {"metadata":{"emulator":{"name":"functions"},"function":{"name":"api"},"message":"[runtime-status] [10668] triggerDefinition {\"httpsTrigger\":{},\"name\":\"api\",\"entryPoint\":\"api\"}"}}
[debug] [2021-04-16T16:24:02.568Z] [runtime-status] [10668] Running api in mode HTTPS {"metadata":{"emulator":{"name":"functions"},"function":{"name":"api"},"message":"[runtime-status] [10668] Running api in mode HTTPS"}}
[debug] [2021-04-16T16:24:02.575Z] [runtime-status] [10668] Attempting to listen to socketPath: \\?\pipe\C:\Users\Chaahat\Desktop\BCIT_SSD\PassionProject\passion-project-abhishekpundir789\e-commerce\functions\10668 {"metadata":{"emulator":{"name":"functions"},"function":{"name":"api"},"message":"[runtime-status] [10668] Attempting to listen to socketPath: \\\\?\\pipe\\C:\\Users\\Chaahat\\Desktop\\BCIT_SSD\\PassionProject\\passion-project-abhishekpundir789\\e-commerce\\functions\\10668"}}
[debug] [2021-04-16T16:24:02.579Z] [functions] Runtime ready! Sending request! {"metadata":{"emulator":{"name":"functions"},"message":"[functions] Runtime ready! Sending request!"}}
[debug] [2021-04-16T16:24:02.580Z] [functions] Got req.url=/e-commerce-821f5/us-central1/api/payments/create?total=78685, mapping to path=/payments/create?total=78685 {"metadata":{"emulator":{"name":"functions"},"message":"[functions] Got req.url=/e-commerce-821f5/us-central1/api/payments/create?total=78685, mapping to path=/payments/create?total=78685"}}
[debug] [2021-04-16T16:24:02.593Z] [runtime-status] [10668] Ephemeral server handling POST request {"metadata":{"emulator":{"name":"functions"},"function":{"name":"api"},"message":"[runtime-status] [10668] Ephemeral server handling POST request"}}
[info] >  Payment request recieved 78685 {"user":"Payment request recieved 78685","metadata":{"emulator":{"name":"functions"},"function":{"name":"api"},"message":"\u001b[90m> \u001b[39m Payment request recieved 78685"}}
[debug] [2021-04-16T16:24:02.616Z] [runtime-status] [10668] Ephemeral server survived. {"metadata":{"emulator":{"name":"functions"},"function":{"name":"api"},"message":"[runtime-status] [10668] Ephemeral server survived."}}
[info] i  functions: Finished "api" in ~1s {"metadata":{"emulator":{"name":"functions"},"function":{"name":"api"},"message":"Finished \"api\" in ~1s"}}
[debug] [2021-04-16T16:24:03.044Z] [worker-api-c0c09738-b6f7-474a-b9a6-a258133ae80c]: IDLE {"metadata":{"emulator":{"name":"functions"},"message":"[worker-api-c0c09738-b6f7-474a-b9a6-a258133ae80c]: IDLE"}}
[debug] [2021-04-16T16:24:03.045Z] [work-queue] {"queueLength":0,"workRunningCount":0}
[debug] [2021-04-16T18:18:24.631Z] [work-queue] {"queueLength":1,"workRunningCount":0}
[debug] [2021-04-16T18:18:24.640Z] [work-queue] {"queueLength":0,"workRunningCount":1}
[debug] [2021-04-16T18:18:24.641Z] Accepted request POST /e-commerce-821f5/us-central1/api/payments/create?total=78685 --> api
[debug] [2021-04-16T18:18:24.644Z] [worker-pool] submitWork(triggerId=api) {"metadata":{"emulator":{"name":"functions"},"message":"[worker-pool] submitWork(triggerId=api)"}}
[debug] [2021-04-16T18:18:24.646Z] [worker-api-c0c09738-b6f7-474a-b9a6-a258133ae80c]: Assigning socketPath: \\?\pipe\C:\Users\Chaahat\Desktop\BCIT_SSD\PassionProject\passion-project-abhishekpundir789\e-commerce\functions\10668 {"metadata":{"emulator":{"name":"functions"},"message":"[worker-api-c0c09738-b6f7-474a-b9a6-a258133ae80c]: Assigning socketPath: \\\\?\\pipe\\C:\\Users\\Chaahat\\Desktop\\BCIT_SSD\\PassionProject\\passion-project-abhishekpundir789\\e-commerce\\functions\\10668"}}
[debug] [2021-04-16T18:18:24.647Z] [worker-api-c0c09738-b6f7-474a-b9a6-a258133ae80c]: BUSY {"metadata":{"emulator":{"name":"functions"},"message":"[worker-api-c0c09738-b6f7-474a-b9a6-a258133ae80c]: BUSY"}}
[debug] [2021-04-16T18:18:24.662Z] [runtime-status] [10668] Trigger "api" has been found, beginning invocation! {"metadata":{"emulator":{"name":"functions"},"function":{"name":"api"},"message":"[runtime-status] [10668] Trigger \"api\" has been found, beginning invocation!"}}
[info] i  functions: Beginning execution of "api" {"metadata":{"emulator":{"name":"functions"},"function":{"name":"api"},"message":"Beginning execution of \"api\""}}
[debug] [2021-04-16T18:18:24.670Z] [runtime-status] [10668] triggerDefinition {"httpsTrigger":{},"name":"api","entryPoint":"api"} {"metadata":{"emulator":{"name":"functions"},"function":{"name":"api"},"message":"[runtime-status] [10668] triggerDefinition {\"httpsTrigger\":{},\"name\":\"api\",\"entryPoint\":\"api\"}"}}
[debug] [2021-04-16T18:18:24.671Z] [runtime-status] [10668] Running api in mode HTTPS {"metadata":{"emulator":{"name":"functions"},"function":{"name":"api"},"message":"[runtime-status] [10668] Running api in mode HTTPS"}}
[debug] [2021-04-16T18:18:24.673Z] [runtime-status] [10668] Attempting to listen to socketPath: \\?\pipe\C:\Users\Chaahat\Desktop\BCIT_SSD\PassionProject\passion-project-abhishekpundir789\e-commerce\functions\10668 {"metadata":{"emulator":{"name":"functions"},"function":{"name":"api"},"message":"[runtime-status] [10668] Attempting to listen to socketPath: \\\\?\\pipe\\C:\\Users\\Chaahat\\Desktop\\BCIT_SSD\\PassionProject\\passion-project-abhishekpundir789\\e-commerce\\functions\\10668"}}
[debug] [2021-04-16T18:18:24.684Z] [functions] Runtime ready! Sending request! {"metadata":{"emulator":{"name":"functions"},"message":"[functions] Runtime ready! Sending request!"}}
[debug] [2021-04-16T18:18:24.686Z] [functions] Got req.url=/e-commerce-821f5/us-central1/api/payments/create?total=78685, mapping to path=/payments/create?total=78685 {"metadata":{"emulator":{"name":"functions"},"message":"[functions] Got req.url=/e-commerce-821f5/us-central1/api/payments/create?total=78685, mapping to path=/payments/create?total=78685"}}
[debug] [2021-04-16T18:18:24.695Z] [runtime-status] [10668] Ephemeral server handling POST request {"metadata":{"emulator":{"name":"functions"},"function":{"name":"api"},"message":"[runtime-status] [10668] Ephemeral server handling POST request"}}
[info] >  Payment request recieved 78685 {"user":"Payment request recieved 78685","metadata":{"emulator":{"name":"functions"},"function":{"name":"api"},"message":"\u001b[90m> \u001b[39m Payment request recieved 78685"}}
[debug] [2021-04-16T18:18:24.711Z] [runtime-status] [10668] Ephemeral server survived. {"metadata":{"emulator":{"name":"functions"},"function":{"name":"api"},"message":"[runtime-status] [10668] Ephemeral server survived."}}
[info] i  functions: Finished "api" in ~1s {"metadata":{"emulator":{"name":"functions"},"function":{"name":"api"},"message":"Finished \"api\" in ~1s"}}
[debug] [2021-04-16T18:18:25.050Z] [worker-api-c0c09738-b6f7-474a-b9a6-a258133ae80c]: IDLE {"metadata":{"emulator":{"name":"functions"},"message":"[worker-api-c0c09738-b6f7-474a-b9a6-a258133ae80c]: IDLE"}}
[debug] [2021-04-16T18:18:25.051Z] [work-queue] {"queueLength":0,"workRunningCount":0}
[debug] [2021-04-16T18:18:30.636Z] [work-queue] {"queueLength":1,"workRunningCount":0}
[debug] [2021-04-16T18:18:30.636Z] [work-queue] {"queueLength":0,"workRunningCount":1}
[debug] [2021-04-16T18:18:30.636Z] Accepted request POST /e-commerce-821f5/us-central1/api/payments/create?total=70586 --> api
[debug] [2021-04-16T18:18:30.636Z] [worker-pool] submitWork(triggerId=api) {"metadata":{"emulator":{"name":"functions"},"message":"[worker-pool] submitWork(triggerId=api)"}}
[debug] [2021-04-16T18:18:30.637Z] [worker-api-c0c09738-b6f7-474a-b9a6-a258133ae80c]: Assigning socketPath: \\?\pipe\C:\Users\Chaahat\Desktop\BCIT_SSD\PassionProject\passion-project-abhishekpundir789\e-commerce\functions\10668 {"metadata":{"emulator":{"name":"functions"},"message":"[worker-api-c0c09738-b6f7-474a-b9a6-a258133ae80c]: Assigning socketPath: \\\\?\\pipe\\C:\\Users\\Chaahat\\Desktop\\BCIT_SSD\\PassionProject\\passion-project-abhishekpundir789\\e-commerce\\functions\\10668"}}
[debug] [2021-04-16T18:18:30.637Z] [worker-api-c0c09738-b6f7-474a-b9a6-a258133ae80c]: BUSY {"metadata":{"emulator":{"name":"functions"},"message":"[worker-api-c0c09738-b6f7-474a-b9a6-a258133ae80c]: BUSY"}}
[debug] [2021-04-16T18:18:30.638Z] [runtime-status] [10668] Trigger "api" has been found, beginning invocation! {"metadata":{"emulator":{"name":"functions"},"function":{"name":"api"},"message":"[runtime-status] [10668] Trigger \"api\" has been found, beginning invocation!"}}
[info] i  functions: Beginning execution of "api" {"metadata":{"emulator":{"name":"functions"},"function":{"name":"api"},"message":"Beginning execution of \"api\""}}
[debug] [2021-04-16T18:18:30.640Z] [runtime-status] [10668] triggerDefinition {"httpsTrigger":{},"name":"api","entryPoint":"api"} {"metadata":{"emulator":{"name":"functions"},"function":{"name":"api"},"message":"[runtime-status] [10668] triggerDefinition {\"httpsTrigger\":{},\"name\":\"api\",\"entryPoint\":\"api\"}"}}
[debug] [2021-04-16T18:18:30.640Z] [runtime-status] [10668] Running api in mode HTTPS {"metadata":{"emulator":{"name":"functions"},"function":{"name":"api"},"message":"[runtime-status] [10668] Running api in mode HTTPS"}}
[debug] [2021-04-16T18:18:30.641Z] [runtime-status] [10668] Attempting to listen to socketPath: \\?\pipe\C:\Users\Chaahat\Desktop\BCIT_SSD\PassionProject\passion-project-abhishekpundir789\e-commerce\functions\10668 {"metadata":{"emulator":{"name":"functions"},"function":{"name":"api"},"message":"[runtime-status] [10668] Attempting to listen to socketPath: \\\\?\\pipe\\C:\\Users\\Chaahat\\Desktop\\BCIT_SSD\\PassionProject\\passion-project-abhishekpundir789\\e-commerce\\functions\\10668"}}
[debug] [2021-04-16T18:18:30.643Z] [functions] Runtime ready! Sending request! {"metadata":{"emulator":{"name":"functions"},"message":"[functions] Runtime ready! Sending request!"}}
[debug] [2021-04-16T18:18:30.644Z] [functions] Got req.url=/e-commerce-821f5/us-central1/api/payments/create?total=70586, mapping to path=/payments/create?total=70586 {"metadata":{"emulator":{"name":"functions"},"message":"[functions] Got req.url=/e-commerce-821f5/us-central1/api/payments/create?total=70586, mapping to path=/payments/create?total=70586"}}
[debug] [2021-04-16T18:18:30.655Z] [runtime-status] [10668] Ephemeral server handling POST request {"metadata":{"emulator":{"name":"functions"},"function":{"name":"api"},"message":"[runtime-status] [10668] Ephemeral server handling POST request"}}
[info] >  Payment request recieved 70586 {"user":"Payment request recieved 70586","metadata":{"emulator":{"name":"functions"},"function":{"name":"api"},"message":"\u001b[90m> \u001b[39m Payment request recieved 70586"}}
[debug] [2021-04-16T18:18:30.658Z] [runtime-status] [10668] Ephemeral server survived. {"metadata":{"emulator":{"name":"functions"},"function":{"name":"api"},"message":"[runtime-status] [10668] Ephemeral server survived."}}
[info] i  functions: Finished "api" in ~1s {"metadata":{"emulator":{"name":"functions"},"function":{"name":"api"},"message":"Finished \"api\" in ~1s"}}
[debug] [2021-04-16T18:18:30.868Z] [worker-api-c0c09738-b6f7-474a-b9a6-a258133ae80c]: IDLE {"metadata":{"emulator":{"name":"functions"},"message":"[worker-api-c0c09738-b6f7-474a-b9a6-a258133ae80c]: IDLE"}}
[debug] [2021-04-16T18:18:30.870Z] [work-queue] {"queueLength":0,"workRunningCount":0}
[debug] [2021-04-16T18:18:34.415Z] [work-queue] {"queueLength":1,"workRunningCount":0}
[debug] [2021-04-16T18:18:34.416Z] [work-queue] {"queueLength":0,"workRunningCount":1}
[debug] [2021-04-16T18:18:34.416Z] Accepted request POST /e-commerce-821f5/us-central1/api/payments/create?total=5499 --> api
[debug] [2021-04-16T18:18:34.417Z] [worker-pool] submitWork(triggerId=api) {"metadata":{"emulator":{"name":"functions"},"message":"[worker-pool] submitWork(triggerId=api)"}}
[debug] [2021-04-16T18:18:34.417Z] [worker-api-c0c09738-b6f7-474a-b9a6-a258133ae80c]: Assigning socketPath: \\?\pipe\C:\Users\Chaahat\Desktop\BCIT_SSD\PassionProject\passion-project-abhishekpundir789\e-commerce\functions\10668 {"metadata":{"emulator":{"name":"functions"},"message":"[worker-api-c0c09738-b6f7-474a-b9a6-a258133ae80c]: Assigning socketPath: \\\\?\\pipe\\C:\\Users\\Chaahat\\Desktop\\BCIT_SSD\\PassionProject\\passion-project-abhishekpundir789\\e-commerce\\functions\\10668"}}
[debug] [2021-04-16T18:18:34.418Z] [worker-api-c0c09738-b6f7-474a-b9a6-a258133ae80c]: BUSY {"metadata":{"emulator":{"name":"functions"},"message":"[worker-api-c0c09738-b6f7-474a-b9a6-a258133ae80c]: BUSY"}}
[debug] [2021-04-16T18:18:34.419Z] [runtime-status] [10668] Trigger "api" has been found, beginning invocation! {"metadata":{"emulator":{"name":"functions"},"function":{"name":"api"},"message":"[runtime-status] [10668] Trigger \"api\" has been found, beginning invocation!"}}
[info] i  functions: Beginning execution of "api" {"metadata":{"emulator":{"name":"functions"},"function":{"name":"api"},"message":"Beginning execution of \"api\""}}
[debug] [2021-04-16T18:18:34.424Z] [runtime-status] [10668] triggerDefinition {"httpsTrigger":{},"name":"api","entryPoint":"api"} {"metadata":{"emulator":{"name":"functions"},"function":{"name":"api"},"message":"[runtime-status] [10668] triggerDefinition {\"httpsTrigger\":{},\"name\":\"api\",\"entryPoint\":\"api\"}"}}
[debug] [2021-04-16T18:18:34.425Z] [runtime-status] [10668] Running api in mode HTTPS {"metadata":{"emulator":{"name":"functions"},"function":{"name":"api"},"message":"[runtime-status] [10668] Running api in mode HTTPS"}}
[debug] [2021-04-16T18:18:34.428Z] [runtime-status] [10668] Attempting to listen to socketPath: \\?\pipe\C:\Users\Chaahat\Desktop\BCIT_SSD\PassionProject\passion-project-abhishekpundir789\e-commerce\functions\10668 {"metadata":{"emulator":{"name":"functions"},"function":{"name":"api"},"message":"[runtime-status] [10668] Attempting to listen to socketPath: \\\\?\\pipe\\C:\\Users\\Chaahat\\Desktop\\BCIT_SSD\\PassionProject\\passion-project-abhishekpundir789\\e-commerce\\functions\\10668"}}
[debug] [2021-04-16T18:18:34.434Z] [functions] Runtime ready! Sending request! {"metadata":{"emulator":{"name":"functions"},"message":"[functions] Runtime ready! Sending request!"}}
[debug] [2021-04-16T18:18:34.434Z] [functions] Got req.url=/e-commerce-821f5/us-central1/api/payments/create?total=5499, mapping to path=/payments/create?total=5499 {"metadata":{"emulator":{"name":"functions"},"message":"[functions] Got req.url=/e-commerce-821f5/us-central1/api/payments/create?total=5499, mapping to path=/payments/create?total=5499"}}
[debug] [2021-04-16T18:18:34.440Z] [runtime-status] [10668] Ephemeral server handling POST request {"metadata":{"emulator":{"name":"functions"},"function":{"name":"api"},"message":"[runtime-status] [10668] Ephemeral server handling POST request"}}
[info] >  Payment request recieved 5499 {"user":"Payment request recieved 5499","metadata":{"emulator":{"name":"functions"},"function":{"name":"api"},"message":"\u001b[90m> \u001b[39m Payment request recieved 5499"}}
[debug] [2021-04-16T18:18:34.444Z] [runtime-status] [10668] Ephemeral server survived. {"metadata":{"emulator":{"name":"functions"},"function":{"name":"api"},"message":"[runtime-status] [10668] Ephemeral server survived."}}
[info] i  functions: Finished "api" in ~1s {"metadata":{"emulator":{"name":"functions"},"function":{"name":"api"},"message":"Finished \"api\" in ~1s"}}
[debug] [2021-04-16T18:18:34.671Z] [worker-api-c0c09738-b6f7-474a-b9a6-a258133ae80c]: IDLE {"metadata":{"emulator":{"name":"functions"},"message":"[worker-api-c0c09738-b6f7-474a-b9a6-a258133ae80c]: IDLE"}}
[debug] [2021-04-16T18:18:34.672Z] [work-queue] {"queueLength":0,"workRunningCount":0}
[debug] [2021-04-16T18:18:36.550Z] [work-queue] {"queueLength":1,"workRunningCount":0}
[debug] [2021-04-16T18:18:36.565Z] [work-queue] {"queueLength":0,"workRunningCount":1}
[debug] [2021-04-16T18:18:36.565Z] Accepted request POST /e-commerce-821f5/us-central1/api/payments/create?total=0 --> api
[debug] [2021-04-16T18:18:36.565Z] [worker-pool] submitWork(triggerId=api) {"metadata":{"emulator":{"name":"functions"},"message":"[worker-pool] submitWork(triggerId=api)"}}
[debug] [2021-04-16T18:18:36.566Z] [worker-api-c0c09738-b6f7-474a-b9a6-a258133ae80c]: Assigning socketPath: \\?\pipe\C:\Users\Chaahat\Desktop\BCIT_SSD\PassionProject\passion-project-abhishekpundir789\e-commerce\functions\10668 {"metadata":{"emulator":{"name":"functions"},"message":"[worker-api-c0c09738-b6f7-474a-b9a6-a258133ae80c]: Assigning socketPath: \\\\?\\pipe\\C:\\Users\\Chaahat\\Desktop\\BCIT_SSD\\PassionProject\\passion-project-abhishekpundir789\\e-commerce\\functions\\10668"}}
[debug] [2021-04-16T18:18:36.566Z] [worker-api-c0c09738-b6f7-474a-b9a6-a258133ae80c]: BUSY {"metadata":{"emulator":{"name":"functions"},"message":"[worker-api-c0c09738-b6f7-474a-b9a6-a258133ae80c]: BUSY"}}
[debug] [2021-04-16T18:18:36.568Z] [runtime-status] [10668] Trigger "api" has been found, beginning invocation! {"metadata":{"emulator":{"name":"functions"},"function":{"name":"api"},"message":"[runtime-status] [10668] Trigger \"api\" has been found, beginning invocation!"}}
[info] i  functions: Beginning execution of "api" {"metadata":{"emulator":{"name":"functions"},"function":{"name":"api"},"message":"Beginning execution of \"api\""}}
[debug] [2021-04-16T18:18:36.573Z] [runtime-status] [10668] triggerDefinition {"httpsTrigger":{},"name":"api","entryPoint":"api"} {"metadata":{"emulator":{"name":"functions"},"function":{"name":"api"},"message":"[runtime-status] [10668] triggerDefinition {\"httpsTrigger\":{},\"name\":\"api\",\"entryPoint\":\"api\"}"}}
[debug] [2021-04-16T18:18:36.574Z] [runtime-status] [10668] Running api in mode HTTPS {"metadata":{"emulator":{"name":"functions"},"function":{"name":"api"},"message":"[runtime-status] [10668] Running api in mode HTTPS"}}
[debug] [2021-04-16T18:18:36.576Z] [runtime-status] [10668] Attempting to listen to socketPath: \\?\pipe\C:\Users\Chaahat\Desktop\BCIT_SSD\PassionProject\passion-project-abhishekpundir789\e-commerce\functions\10668 {"metadata":{"emulator":{"name":"functions"},"function":{"name":"api"},"message":"[runtime-status] [10668] Attempting to listen to socketPath: \\\\?\\pipe\\C:\\Users\\Chaahat\\Desktop\\BCIT_SSD\\PassionProject\\passion-project-abhishekpundir789\\e-commerce\\functions\\10668"}}
[debug] [2021-04-16T18:18:36.581Z] [functions] Runtime ready! Sending request! {"metadata":{"emulator":{"name":"functions"},"message":"[functions] Runtime ready! Sending request!"}}
[debug] [2021-04-16T18:18:36.581Z] [functions] Got req.url=/e-commerce-821f5/us-central1/api/payments/create?total=0, mapping to path=/payments/create?total=0 {"metadata":{"emulator":{"name":"functions"},"message":"[functions] Got req.url=/e-commerce-821f5/us-central1/api/payments/create?total=0, mapping to path=/payments/create?total=0"}}
[debug] [2021-04-16T18:18:36.590Z] [runtime-status] [10668] Ephemeral server handling POST request {"metadata":{"emulator":{"name":"functions"},"function":{"name":"api"},"message":"[runtime-status] [10668] Ephemeral server handling POST request"}}
[debug] [2021-04-16T18:18:36.591Z] [runtime-status] [10668] Ephemeral server survived. {"metadata":{"emulator":{"name":"functions"},"function":{"name":"api"},"message":"[runtime-status] [10668] Ephemeral server survived."}}
[info] >  Payment request recieved 0 {"user":"Payment request recieved 0","metadata":{"emulator":{"name":"functions"},"function":{"name":"api"},"message":"\u001b[90m> \u001b[39m Payment request recieved 0"}}
[info] >  (node:10668) UnhandledPromiseRejectionWarning: Error: This value must be greater than or equal to 1. {"user":"(node:10668) UnhandledPromiseRejectionWarning: Error: This value must be greater than or equal to 1.","metadata":{"emulator":{"name":"functions"},"function":{"name":"api"},"message":"\u001b[90m> \u001b[39m (node:10668) UnhandledPromiseRejectionWarning: Error: This value must be greater than or equal to 1."}}
[info] >      at Function.generate (C:\Users\Chaahat\Desktop\BCIT_SSD\PassionProject\passion-project-abhishekpundir789\e-commerce\functions\node_modules\stripe\lib\Error.js:40:16) {"user":"    at Function.generate (C:\\Users\\Chaahat\\Desktop\\BCIT_SSD\\PassionProject\\passion-project-abhishekpundir789\\e-commerce\\functions\\node_modules\\stripe\\lib\\Error.js:40:16)","metadata":{"emulator":{"name":"functions"},"function":{"name":"api"},"message":"\u001b[90m> \u001b[39m     at Function.generate (C:\\Users\\Chaahat\\Desktop\\BCIT_SSD\\PassionProject\\passion-project-abhishekpundir789\\e-commerce\\functions\\node_modules\\stripe\\lib\\Error.js:40:16)"}}
[info] >      at IncomingMessage.<anonymous> (C:\Users\Chaahat\Desktop\BCIT_SSD\PassionProject\passion-project-abhishekpundir789\e-commerce\functions\node_modules\stripe\lib\StripeResource.js:180:33) {"user":"    at IncomingMessage.<anonymous> (C:\\Users\\Chaahat\\Desktop\\BCIT_SSD\\PassionProject\\passion-project-abhishekpundir789\\e-commerce\\functions\\node_modules\\stripe\\lib\\StripeResource.js:180:33)","metadata":{"emulator":{"name":"functions"},"function":{"name":"api"},"message":"\u001b[90m> \u001b[39m     at IncomingMessage.<anonymous> (C:\\Users\\Chaahat\\Desktop\\BCIT_SSD\\PassionProject\\passion-project-abhishekpundir789\\e-commerce\\functions\\node_modules\\stripe\\lib\\StripeResource.js:180:33)"}}
[info] >      at Object.onceWrapper (events.js:421:28) {"user":"    at Object.onceWrapper (events.js:421:28)","metadata":{"emulator":{"name":"functions"},"function":{"name":"api"},"message":"\u001b[90m> \u001b[39m     at Object.onceWrapper (events.js:421:28)"}}
[info] >      at IncomingMessage.emit (events.js:327:22) {"user":"    at IncomingMessage.emit (events.js:327:22)","metadata":{"emulator":{"name":"functions"},"function":{"name":"api"},"message":"\u001b[90m> \u001b[39m     at IncomingMessage.emit (events.js:327:22)"}}
[info] >      at endReadableNT (_stream_readable.js:1218:12) {"user":"    at endReadableNT (_stream_readable.js:1218:12)","metadata":{"emulator":{"name":"functions"},"function":{"name":"api"},"message":"\u001b[90m> \u001b[39m     at endReadableNT (_stream_readable.js:1218:12)"}}
[info] >      at processTicksAndRejections (internal/process/task_queues.js:84:21) {"user":"    at processTicksAndRejections (internal/process/task_queues.js:84:21)","metadata":{"emulator":{"name":"functions"},"function":{"name":"api"},"message":"\u001b[90m> \u001b[39m     at processTicksAndRejections (internal/process/task_queues.js:84:21)"}}
[info] >  (Use `node --trace-warnings ...` to show where the warning was created) {"user":"(Use `node --trace-warnings ...` to show where the warning was created)","metadata":{"emulator":{"name":"functions"},"function":{"name":"api"},"message":"\u001b[90m> \u001b[39m (Use `node --trace-warnings ...` to show where the warning was created)"}}
[info] >  (node:10668) UnhandledPromiseRejectionWarning: Unhandled promise rejection. This error originated either by throwing inside of an async function without a catch block, or by rejecting a promise which was not handled with .catch(). To terminate the node process on unhandled promise rejection, use the CLI flag `--unhandled-rejections=strict` (see https://nodejs.org/api/cli.html#cli_unhandled_rejections_mode). (rejection id: 1) {"user":"(node:10668) UnhandledPromiseRejectionWarning: Unhandled promise rejection. This error originated either by throwing inside of an async function without a catch block, or by rejecting a promise which was not handled with .catch(). To terminate the node process on unhandled promise rejection, use the CLI flag `--unhandled-rejections=strict` (see https://nodejs.org/api/cli.html#cli_unhandled_rejections_mode). (rejection id: 1)","metadata":{"emulator":{"name":"functions"},"function":{"name":"api"},"message":"\u001b[90m> \u001b[39m (node:10668) UnhandledPromiseRejectionWarning: Unhandled promise rejection. This error originated either by throwing inside of an async function without a catch block, or by rejecting a promise which was not handled with .catch(). To terminate the node process on unhandled promise rejection, use the CLI flag `--unhandled-rejections=strict` (see https://nodejs.org/api/cli.html#cli_unhandled_rejections_mode). (rejection id: 1)"}}
[info] >  (node:10668) [DEP0018] DeprecationWarning: Unhandled promise rejections are deprecated. In the future, promise rejections that are not handled will terminate the Node.js process with a non-zero exit code. {"user":"(node:10668) [DEP0018] DeprecationWarning: Unhandled promise rejections are deprecated. In the future, promise rejections that are not handled will terminate the Node.js process with a non-zero exit code.","metadata":{"emulator":{"name":"functions"},"function":{"name":"api"},"message":"\u001b[90m> \u001b[39m (node:10668) [DEP0018] DeprecationWarning: Unhandled promise rejections are deprecated. In the future, promise rejections that are not handled will terminate the Node.js process with a non-zero exit code."}}
[debug] [2021-04-16T18:19:11.040Z] [work-queue] {"queueLength":1,"workRunningCount":1}
[debug] [2021-04-16T18:19:11.040Z] [work-queue] {"queueLength":0,"workRunningCount":2}
[debug] [2021-04-16T18:19:11.040Z] Accepted request POST /e-commerce-821f5/us-central1/api/payments/create?total=78685 --> api
[debug] [2021-04-16T18:19:11.050Z] [worker-pool] addWorker(api) {"metadata":{"emulator":{"name":"functions"},"message":"[worker-pool] addWorker(api)"}}
[debug] [2021-04-16T18:19:11.050Z] [worker-pool] Adding worker with key api, total=2 {"metadata":{"emulator":{"name":"functions"},"message":"[worker-pool] Adding worker with key api, total=2"}}
[debug] [2021-04-16T18:19:11.050Z] [worker-pool] submitWork(triggerId=api) {"metadata":{"emulator":{"name":"functions"},"message":"[worker-pool] submitWork(triggerId=api)"}}
[debug] [2021-04-16T18:19:11.050Z] [worker-api-7c37fc54-f3a9-4211-89fb-6237c961eec0]: Assigning socketPath: \\?\pipe\C:\Users\Chaahat\Desktop\BCIT_SSD\PassionProject\passion-project-abhishekpundir789\e-commerce\functions\14328 {"metadata":{"emulator":{"name":"functions"},"message":"[worker-api-7c37fc54-f3a9-4211-89fb-6237c961eec0]: Assigning socketPath: \\\\?\\pipe\\C:\\Users\\Chaahat\\Desktop\\BCIT_SSD\\PassionProject\\passion-project-abhishekpundir789\\e-commerce\\functions\\14328"}}
[debug] [2021-04-16T18:19:11.051Z] [worker-api-7c37fc54-f3a9-4211-89fb-6237c961eec0]: BUSY {"metadata":{"emulator":{"name":"functions"},"message":"[worker-api-7c37fc54-f3a9-4211-89fb-6237c961eec0]: BUSY"}}
[debug] [2021-04-16T18:19:11.384Z] [runtime-status] [14328] Functions runtime initialized. {"cwd":"C:\\Users\\Chaahat\\Desktop\\BCIT_SSD\\PassionProject\\passion-project-abhishekpundir789\\e-commerce\\functions","node_version":"14.0.0"} {"metadata":{"emulator":{"name":"functions"},"function":{"name":"api"},"message":"[runtime-status] [14328] Functions runtime initialized. {\"cwd\":\"C:\\\\Users\\\\Chaahat\\\\Desktop\\\\BCIT_SSD\\\\PassionProject\\\\passion-project-abhishekpundir789\\\\e-commerce\\\\functions\",\"node_version\":\"14.0.0\"}"}}
[debug] [2021-04-16T18:19:11.386Z] [runtime-status] [14328] Disabled runtime features: undefined {"metadata":{"emulator":{"name":"functions"},"function":{"name":"api"},"message":"[runtime-status] [14328] Disabled runtime features: undefined"}}
[debug] [2021-04-16T18:19:11.394Z] [runtime-status] [14328] Resolved module firebase-admin {"declared":true,"installed":true,"version":"9.6.0","resolution":"C:\\Users\\Chaahat\\Desktop\\BCIT_SSD\\PassionProject\\passion-project-abhishekpundir789\\e-commerce\\functions\\node_modules\\firebase-admin\\lib\\index.js"} {"metadata":{"emulator":{"name":"functions"},"function":{"name":"api"},"message":"[runtime-status] [14328] Resolved module firebase-admin {\"declared\":true,\"installed\":true,\"version\":\"9.6.0\",\"resolution\":\"C:\\\\Users\\\\Chaahat\\\\Desktop\\\\BCIT_SSD\\\\PassionProject\\\\passion-project-abhishekpundir789\\\\e-commerce\\\\functions\\\\node_modules\\\\firebase-admin\\\\lib\\\\index.js\"}"}}
[debug] [2021-04-16T18:19:11.400Z] [runtime-status] [14328] Resolved module firebase-functions {"declared":true,"installed":true,"version":"3.13.2","resolution":"C:\\Users\\Chaahat\\Desktop\\BCIT_SSD\\PassionProject\\passion-project-abhishekpundir789\\e-commerce\\functions\\node_modules\\firebase-functions\\lib\\index.js"} {"metadata":{"emulator":{"name":"functions"},"function":{"name":"api"},"message":"[runtime-status] [14328] Resolved module firebase-functions {\"declared\":true,\"installed\":true,\"version\":\"3.13.2\",\"resolution\":\"C:\\\\Users\\\\Chaahat\\\\Desktop\\\\BCIT_SSD\\\\PassionProject\\\\passion-project-abhishekpundir789\\\\e-commerce\\\\functions\\\\node_modules\\\\firebase-functions\\\\lib\\\\index.js\"}"}}
[debug] [2021-04-16T18:19:11.407Z] [runtime-status] [14328] Resolved module firebase-functions {"declared":true,"installed":true,"version":"3.13.2","resolution":"C:\\Users\\Chaahat\\Desktop\\BCIT_SSD\\PassionProject\\passion-project-abhishekpundir789\\e-commerce\\functions\\node_modules\\firebase-functions\\lib\\index.js"} {"metadata":{"emulator":{"name":"functions"},"function":{"name":"api"},"message":"[runtime-status] [14328] Resolved module firebase-functions {\"declared\":true,\"installed\":true,\"version\":\"3.13.2\",\"resolution\":\"C:\\\\Users\\\\Chaahat\\\\Desktop\\\\BCIT_SSD\\\\PassionProject\\\\passion-project-abhishekpundir789\\\\e-commerce\\\\functions\\\\node_modules\\\\firebase-functions\\\\lib\\\\index.js\"}"}}
[debug] [2021-04-16T18:19:11.407Z] [runtime-status] [14328] Outgoing network have been stubbed. [{"name":"http","status":"mocked"},{"name":"http","status":"mocked"},{"name":"https","status":"mocked"},{"name":"https","status":"mocked"},{"name":"net","status":"mocked"}] {"metadata":{"emulator":{"name":"functions"},"function":{"name":"api"},"message":"[runtime-status] [14328] Outgoing network have been stubbed. [{\"name\":\"http\",\"status\":\"mocked\"},{\"name\":\"http\",\"status\":\"mocked\"},{\"name\":\"https\",\"status\":\"mocked\"},{\"name\":\"https\",\"status\":\"mocked\"},{\"name\":\"net\",\"status\":\"mocked\"}]"}}
[debug] [2021-04-16T18:19:11.408Z] [runtime-status] [14328] Resolved module firebase-functions {"declared":true,"installed":true,"version":"3.13.2","resolution":"C:\\Users\\Chaahat\\Desktop\\BCIT_SSD\\PassionProject\\passion-project-abhishekpundir789\\e-commerce\\functions\\node_modules\\firebase-functions\\lib\\index.js"} {"metadata":{"emulator":{"name":"functions"},"function":{"name":"api"},"message":"[runtime-status] [14328] Resolved module firebase-functions {\"declared\":true,\"installed\":true,\"version\":\"3.13.2\",\"resolution\":\"C:\\\\Users\\\\Chaahat\\\\Desktop\\\\BCIT_SSD\\\\PassionProject\\\\passion-project-abhishekpundir789\\\\e-commerce\\\\functions\\\\node_modules\\\\firebase-functions\\\\lib\\\\index.js\"}"}}
[debug] [2021-04-16T18:19:11.570Z] [runtime-status] [14328] Checked functions.config() {"config":{}} {"metadata":{"emulator":{"name":"functions"},"function":{"name":"api"},"message":"[runtime-status] [14328] Checked functions.config() {\"config\":{}}"}}
[debug] [2021-04-16T18:19:11.570Z] [runtime-status] [14328] firebase-functions has been stubbed. {"functionsResolution":{"declared":true,"installed":true,"version":"3.13.2","resolution":"C:\\Users\\Chaahat\\Desktop\\BCIT_SSD\\PassionProject\\passion-project-abhishekpundir789\\e-commerce\\functions\\node_modules\\firebase-functions\\lib\\index.js"}} {"metadata":{"emulator":{"name":"functions"},"function":{"name":"api"},"message":"[runtime-status] [14328] firebase-functions has been stubbed. {\"functionsResolution\":{\"declared\":true,\"installed\":true,\"version\":\"3.13.2\",\"resolution\":\"C:\\\\Users\\\\Chaahat\\\\Desktop\\\\BCIT_SSD\\\\PassionProject\\\\passion-project-abhishekpundir789\\\\e-commerce\\\\functions\\\\node_modules\\\\firebase-functions\\\\lib\\\\index.js\"}}"}}
[debug] [2021-04-16T18:19:11.571Z] [runtime-status] [14328] Resolved module firebase-functions {"declared":true,"installed":true,"version":"3.13.2","resolution":"C:\\Users\\Chaahat\\Desktop\\BCIT_SSD\\PassionProject\\passion-project-abhishekpundir789\\e-commerce\\functions\\node_modules\\firebase-functions\\lib\\index.js"} {"metadata":{"emulator":{"name":"functions"},"function":{"name":"api"},"message":"[runtime-status] [14328] Resolved module firebase-functions {\"declared\":true,\"installed\":true,\"version\":\"3.13.2\",\"resolution\":\"C:\\\\Users\\\\Chaahat\\\\Desktop\\\\BCIT_SSD\\\\PassionProject\\\\passion-project-abhishekpundir789\\\\e-commerce\\\\functions\\\\node_modules\\\\firebase-functions\\\\lib\\\\index.js\"}"}}
[debug] [2021-04-16T18:19:11.571Z] [runtime-status] [14328] Resolved module firebase-admin {"declared":true,"installed":true,"version":"9.6.0","resolution":"C:\\Users\\Chaahat\\Desktop\\BCIT_SSD\\PassionProject\\passion-project-abhishekpundir789\\e-commerce\\functions\\node_modules\\firebase-admin\\lib\\index.js"} {"metadata":{"emulator":{"name":"functions"},"function":{"name":"api"},"message":"[runtime-status] [14328] Resolved module firebase-admin {\"declared\":true,\"installed\":true,\"version\":\"9.6.0\",\"resolution\":\"C:\\\\Users\\\\Chaahat\\\\Desktop\\\\BCIT_SSD\\\\PassionProject\\\\passion-project-abhishekpundir789\\\\e-commerce\\\\functions\\\\node_modules\\\\firebase-admin\\\\lib\\\\index.js\"}"}}
[debug] [2021-04-16T18:19:11.572Z] [runtime-status] [14328] Resolved module firebase-functions {"declared":true,"installed":true,"version":"3.13.2","resolution":"C:\\Users\\Chaahat\\Desktop\\BCIT_SSD\\PassionProject\\passion-project-abhishekpundir789\\e-commerce\\functions\\node_modules\\firebase-functions\\lib\\index.js"} {"metadata":{"emulator":{"name":"functions"},"function":{"name":"api"},"message":"[runtime-status] [14328] Resolved module firebase-functions {\"declared\":true,\"installed\":true,\"version\":\"3.13.2\",\"resolution\":\"C:\\\\Users\\\\Chaahat\\\\Desktop\\\\BCIT_SSD\\\\PassionProject\\\\passion-project-abhishekpundir789\\\\e-commerce\\\\functions\\\\node_modules\\\\firebase-functions\\\\lib\\\\index.js\"}"}}
[debug] [2021-04-16T18:19:11.572Z] [runtime-status] [14328] firebase-admin has been stubbed. {"adminResolution":{"declared":true,"installed":true,"version":"9.6.0","resolution":"C:\\Users\\Chaahat\\Desktop\\BCIT_SSD\\PassionProject\\passion-project-abhishekpundir789\\e-commerce\\functions\\node_modules\\firebase-admin\\lib\\index.js"}} {"metadata":{"emulator":{"name":"functions"},"function":{"name":"api"},"message":"[runtime-status] [14328] firebase-admin has been stubbed. {\"adminResolution\":{\"declared\":true,\"installed\":true,\"version\":\"9.6.0\",\"resolution\":\"C:\\\\Users\\\\Chaahat\\\\Desktop\\\\BCIT_SSD\\\\PassionProject\\\\passion-project-abhishekpundir789\\\\e-commerce\\\\functions\\\\node_modules\\\\firebase-admin\\\\lib\\\\index.js\"}}"}}
[debug] [2021-04-16T18:19:13.854Z] [runtime-status] [14328] Trigger "api" has been found, beginning invocation! {"metadata":{"emulator":{"name":"functions"},"function":{"name":"api"},"message":"[runtime-status] [14328] Trigger \"api\" has been found, beginning invocation!"}}
[info] i  functions: Beginning execution of "api" {"metadata":{"emulator":{"name":"functions"},"function":{"name":"api"},"message":"Beginning execution of \"api\""}}
[debug] [2021-04-16T18:19:13.856Z] [runtime-status] [14328] triggerDefinition {"httpsTrigger":{},"name":"api","entryPoint":"api"} {"metadata":{"emulator":{"name":"functions"},"function":{"name":"api"},"message":"[runtime-status] [14328] triggerDefinition {\"httpsTrigger\":{},\"name\":\"api\",\"entryPoint\":\"api\"}"}}
[debug] [2021-04-16T18:19:13.857Z] [runtime-status] [14328] Running api in mode HTTPS {"metadata":{"emulator":{"name":"functions"},"function":{"name":"api"},"message":"[runtime-status] [14328] Running api in mode HTTPS"}}
[debug] [2021-04-16T18:19:13.866Z] [runtime-status] [14328] Attempting to listen to socketPath: \\?\pipe\C:\Users\Chaahat\Desktop\BCIT_SSD\PassionProject\passion-project-abhishekpundir789\e-commerce\functions\14328 {"metadata":{"emulator":{"name":"functions"},"function":{"name":"api"},"message":"[runtime-status] [14328] Attempting to listen to socketPath: \\\\?\\pipe\\C:\\Users\\Chaahat\\Desktop\\BCIT_SSD\\PassionProject\\passion-project-abhishekpundir789\\e-commerce\\functions\\14328"}}
[debug] [2021-04-16T18:19:13.871Z] [functions] Runtime ready! Sending request! {"metadata":{"emulator":{"name":"functions"},"message":"[functions] Runtime ready! Sending request!"}}
[debug] [2021-04-16T18:19:13.871Z] [functions] Got req.url=/e-commerce-821f5/us-central1/api/payments/create?total=78685, mapping to path=/payments/create?total=78685 {"metadata":{"emulator":{"name":"functions"},"message":"[functions] Got req.url=/e-commerce-821f5/us-central1/api/payments/create?total=78685, mapping to path=/payments/create?total=78685"}}
[debug] [2021-04-16T18:19:13.892Z] [runtime-status] [14328] Ephemeral server handling POST request {"metadata":{"emulator":{"name":"functions"},"function":{"name":"api"},"message":"[runtime-status] [14328] Ephemeral server handling POST request"}}
[info] >  Payment request recieved 78685 {"user":"Payment request recieved 78685","metadata":{"emulator":{"name":"functions"},"function":{"name":"api"},"message":"\u001b[90m> \u001b[39m Payment request recieved 78685"}}
[debug] [2021-04-16T18:19:13.922Z] [runtime-status] [14328] Ephemeral server survived. {"metadata":{"emulator":{"name":"functions"},"function":{"name":"api"},"message":"[runtime-status] [14328] Ephemeral server survived."}}
[info] i  functions: Finished "api" in ~1s {"metadata":{"emulator":{"name":"functions"},"function":{"name":"api"},"message":"Finished \"api\" in ~1s"}}
[debug] [2021-04-16T18:19:14.368Z] [worker-api-7c37fc54-f3a9-4211-89fb-6237c961eec0]: IDLE {"metadata":{"emulator":{"name":"functions"},"message":"[worker-api-7c37fc54-f3a9-4211-89fb-6237c961eec0]: IDLE"}}
[debug] [2021-04-16T18:19:14.369Z] [work-queue] {"queueLength":0,"workRunningCount":1}
[debug] [2021-04-16T18:19:30.980Z] [work-queue] {"queueLength":1,"workRunningCount":1}
[debug] [2021-04-16T18:19:30.981Z] [work-queue] {"queueLength":0,"workRunningCount":2}
[debug] [2021-04-16T18:19:30.981Z] Accepted request POST /e-commerce-821f5/us-central1/api/payments/create?total=81684 --> api
[debug] [2021-04-16T18:19:30.981Z] [worker-pool] submitWork(triggerId=api) {"metadata":{"emulator":{"name":"functions"},"message":"[worker-pool] submitWork(triggerId=api)"}}
[debug] [2021-04-16T18:19:30.981Z] [worker-api-7c37fc54-f3a9-4211-89fb-6237c961eec0]: Assigning socketPath: \\?\pipe\C:\Users\Chaahat\Desktop\BCIT_SSD\PassionProject\passion-project-abhishekpundir789\e-commerce\functions\14328 {"metadata":{"emulator":{"name":"functions"},"message":"[worker-api-7c37fc54-f3a9-4211-89fb-6237c961eec0]: Assigning socketPath: \\\\?\\pipe\\C:\\Users\\Chaahat\\Desktop\\BCIT_SSD\\PassionProject\\passion-project-abhishekpundir789\\e-commerce\\functions\\14328"}}
[debug] [2021-04-16T18:19:30.982Z] [worker-api-7c37fc54-f3a9-4211-89fb-6237c961eec0]: BUSY {"metadata":{"emulator":{"name":"functions"},"message":"[worker-api-7c37fc54-f3a9-4211-89fb-6237c961eec0]: BUSY"}}
[debug] [2021-04-16T18:19:30.983Z] [runtime-status] [14328] Trigger "api" has been found, beginning invocation! {"metadata":{"emulator":{"name":"functions"},"function":{"name":"api"},"message":"[runtime-status] [14328] Trigger \"api\" has been found, beginning invocation!"}}
[info] i  functions: Beginning execution of "api" {"metadata":{"emulator":{"name":"functions"},"function":{"name":"api"},"message":"Beginning execution of \"api\""}}
[debug] [2021-04-16T18:19:31.002Z] [runtime-status] [14328] triggerDefinition {"httpsTrigger":{},"name":"api","entryPoint":"api"} {"metadata":{"emulator":{"name":"functions"},"function":{"name":"api"},"message":"[runtime-status] [14328] triggerDefinition {\"httpsTrigger\":{},\"name\":\"api\",\"entryPoint\":\"api\"}"}}
[debug] [2021-04-16T18:19:31.002Z] [runtime-status] [14328] Running api in mode HTTPS {"metadata":{"emulator":{"name":"functions"},"function":{"name":"api"},"message":"[runtime-status] [14328] Running api in mode HTTPS"}}
[debug] [2021-04-16T18:19:31.003Z] [runtime-status] [14328] Attempting to listen to socketPath: \\?\pipe\C:\Users\Chaahat\Desktop\BCIT_SSD\PassionProject\passion-project-abhishekpundir789\e-commerce\functions\14328 {"metadata":{"emulator":{"name":"functions"},"function":{"name":"api"},"message":"[runtime-status] [14328] Attempting to listen to socketPath: \\\\?\\pipe\\C:\\Users\\Chaahat\\Desktop\\BCIT_SSD\\PassionProject\\passion-project-abhishekpundir789\\e-commerce\\functions\\14328"}}
[debug] [2021-04-16T18:19:31.006Z] [functions] Runtime ready! Sending request! {"metadata":{"emulator":{"name":"functions"},"message":"[functions] Runtime ready! Sending request!"}}
[debug] [2021-04-16T18:19:31.009Z] [functions] Got req.url=/e-commerce-821f5/us-central1/api/payments/create?total=81684, mapping to path=/payments/create?total=81684 {"metadata":{"emulator":{"name":"functions"},"message":"[functions] Got req.url=/e-commerce-821f5/us-central1/api/payments/create?total=81684, mapping to path=/payments/create?total=81684"}}
[debug] [2021-04-16T18:19:31.014Z] [runtime-status] [14328] Ephemeral server handling POST request {"metadata":{"emulator":{"name":"functions"},"function":{"name":"api"},"message":"[runtime-status] [14328] Ephemeral server handling POST request"}}
[info] >  Payment request recieved 81684 {"user":"Payment request recieved 81684","metadata":{"emulator":{"name":"functions"},"function":{"name":"api"},"message":"\u001b[90m> \u001b[39m Payment request recieved 81684"}}
[debug] [2021-04-16T18:19:31.022Z] [runtime-status] [14328] Ephemeral server survived. {"metadata":{"emulator":{"name":"functions"},"function":{"name":"api"},"message":"[runtime-status] [14328] Ephemeral server survived."}}
[info] i  functions: Finished "api" in ~1s {"metadata":{"emulator":{"name":"functions"},"function":{"name":"api"},"message":"Finished \"api\" in ~1s"}}
[debug] [2021-04-16T18:19:31.217Z] [worker-api-7c37fc54-f3a9-4211-89fb-6237c961eec0]: IDLE {"metadata":{"emulator":{"name":"functions"},"message":"[worker-api-7c37fc54-f3a9-4211-89fb-6237c961eec0]: IDLE"}}
[debug] [2021-04-16T18:19:31.217Z] [work-queue] {"queueLength":0,"workRunningCount":1}
[warn] !  functions: Your function timed out after ~60s. To configure this timeout, see
      https://firebase.google.com/docs/functions/manage-functions#set_timeout_and_memory_allocation. {"metadata":{"emulator":{"name":"functions"},"function":{"name":"api"},"message":"Your function timed out after ~60s. To configure this timeout, see\n      https://firebase.google.com/docs/functions/manage-functions#set_timeout_and_memory_allocation."}}
[info] >  C:\Users\Chaahat\AppData\Roaming\nvm\v14.0.0\node_modules\firebase-tools\lib\emulator\functionsEmulatorRuntime.js:644 {"user":"C:\\Users\\Chaahat\\AppData\\Roaming\\nvm\\v14.0.0\\node_modules\\firebase-tools\\lib\\emulator\\functionsEmulatorRuntime.js:644\r","metadata":{"emulator":{"name":"functions"},"function":{"name":"api"},"message":"\u001b[90m> \u001b[39m C:\\Users\\Chaahat\\AppData\\Roaming\\nvm\\v14.0.0\\node_modules\\firebase-tools\\lib\\emulator\\functionsEmulatorRuntime.js:644\r"}}
[info] >              throw new Error("Function timed out."); {"user":"            throw new Error(\"Function timed out.\");\r","metadata":{"emulator":{"name":"functions"},"function":{"name":"api"},"message":"\u001b[90m> \u001b[39m             throw new Error(\"Function timed out.\");\r"}}
[info] >              ^ {"user":"            ^\r","metadata":{"emulator":{"name":"functions"},"function":{"name":"api"},"message":"\u001b[90m> \u001b[39m             ^\r"}}
[info] >   {"user":"\r","metadata":{"emulator":{"name":"functions"},"function":{"name":"api"},"message":"\u001b[90m> \u001b[39m \r"}}
[info] >  Error: Function timed out. {"user":"Error: Function timed out.\r","metadata":{"emulator":{"name":"functions"},"function":{"name":"api"},"message":"\u001b[90m> \u001b[39m Error: Function timed out.\r"}}
[info] >      at Timeout._onTimeout (C:\Users\Chaahat\AppData\Roaming\nvm\v14.0.0\node_modules\firebase-tools\lib\emulator\functionsEmulatorRuntime.js:644:19) {"user":"    at Timeout._onTimeout (C:\\Users\\Chaahat\\AppData\\Roaming\\nvm\\v14.0.0\\node_modules\\firebase-tools\\lib\\emulator\\functionsEmulatorRuntime.js:644:19)\r","metadata":{"emulator":{"name":"functions"},"function":{"name":"api"},"message":"\u001b[90m> \u001b[39m     at Timeout._onTimeout (C:\\Users\\Chaahat\\AppData\\Roaming\\nvm\\v14.0.0\\node_modules\\firebase-tools\\lib\\emulator\\functionsEmulatorRuntime.js:644:19)\r"}}
[info] >      at listOnTimeout (internal/timers.js:549:17) {"user":"    at listOnTimeout (internal/timers.js:549:17)\r","metadata":{"emulator":{"name":"functions"},"function":{"name":"api"},"message":"\u001b[90m> \u001b[39m     at listOnTimeout (internal/timers.js:549:17)\r"}}
[info] >      at processTimers (internal/timers.js:492:7) {"user":"    at processTimers (internal/timers.js:492:7)\r","metadata":{"emulator":{"name":"functions"},"function":{"name":"api"},"message":"\u001b[90m> \u001b[39m     at processTimers (internal/timers.js:492:7)\r"}}
[debug] [2021-04-16T18:19:36.698Z] [worker-api-c0c09738-b6f7-474a-b9a6-a258133ae80c]: exited {"metadata":{"emulator":{"name":"functions"},"message":"[worker-api-c0c09738-b6f7-474a-b9a6-a258133ae80c]: exited"}}
[debug] [2021-04-16T18:19:36.698Z] [worker-api-c0c09738-b6f7-474a-b9a6-a258133ae80c]: FINISHED {"metadata":{"emulator":{"name":"functions"},"message":"[worker-api-c0c09738-b6f7-474a-b9a6-a258133ae80c]: FINISHED"}}
[debug] [2021-04-16T18:19:36.698Z] [work-queue] {"queueLength":0,"workRunningCount":0}
[debug] [2021-04-16T18:22:14.796Z] [work-queue] {"queueLength":1,"workRunningCount":0}
[debug] [2021-04-16T18:22:14.797Z] [work-queue] {"queueLength":0,"workRunningCount":1}
[debug] [2021-04-16T18:22:14.797Z] Accepted request POST /e-commerce-821f5/us-central1/api/payments/create?total=20000 --> api
[debug] [2021-04-16T18:22:14.797Z] [worker-pool] Cleaned up workers for api: 2 --> 1 {"metadata":{"emulator":{"name":"functions"},"message":"[worker-pool] Cleaned up workers for api: 2 --> 1"}}
[debug] [2021-04-16T18:22:14.798Z] [worker-pool] submitWork(triggerId=api) {"metadata":{"emulator":{"name":"functions"},"message":"[worker-pool] submitWork(triggerId=api)"}}
[debug] [2021-04-16T18:22:14.798Z] [worker-api-7c37fc54-f3a9-4211-89fb-6237c961eec0]: Assigning socketPath: \\?\pipe\C:\Users\Chaahat\Desktop\BCIT_SSD\PassionProject\passion-project-abhishekpundir789\e-commerce\functions\14328 {"metadata":{"emulator":{"name":"functions"},"message":"[worker-api-7c37fc54-f3a9-4211-89fb-6237c961eec0]: Assigning socketPath: \\\\?\\pipe\\C:\\Users\\Chaahat\\Desktop\\BCIT_SSD\\PassionProject\\passion-project-abhishekpundir789\\e-commerce\\functions\\14328"}}
[debug] [2021-04-16T18:22:14.798Z] [worker-api-7c37fc54-f3a9-4211-89fb-6237c961eec0]: BUSY {"metadata":{"emulator":{"name":"functions"},"message":"[worker-api-7c37fc54-f3a9-4211-89fb-6237c961eec0]: BUSY"}}
[debug] [2021-04-16T18:22:14.799Z] [runtime-status] [14328] Trigger "api" has been found, beginning invocation! {"metadata":{"emulator":{"name":"functions"},"function":{"name":"api"},"message":"[runtime-status] [14328] Trigger \"api\" has been found, beginning invocation!"}}
[info] i  functions: Beginning execution of "api" {"metadata":{"emulator":{"name":"functions"},"function":{"name":"api"},"message":"Beginning execution of \"api\""}}
[debug] [2021-04-16T18:22:14.801Z] [runtime-status] [14328] triggerDefinition {"httpsTrigger":{},"name":"api","entryPoint":"api"} {"metadata":{"emulator":{"name":"functions"},"function":{"name":"api"},"message":"[runtime-status] [14328] triggerDefinition {\"httpsTrigger\":{},\"name\":\"api\",\"entryPoint\":\"api\"}"}}
[debug] [2021-04-16T18:22:14.801Z] [runtime-status] [14328] Running api in mode HTTPS {"metadata":{"emulator":{"name":"functions"},"function":{"name":"api"},"message":"[runtime-status] [14328] Running api in mode HTTPS"}}
[debug] [2021-04-16T18:22:14.802Z] [runtime-status] [14328] Attempting to listen to socketPath: \\?\pipe\C:\Users\Chaahat\Desktop\BCIT_SSD\PassionProject\passion-project-abhishekpundir789\e-commerce\functions\14328 {"metadata":{"emulator":{"name":"functions"},"function":{"name":"api"},"message":"[runtime-status] [14328] Attempting to listen to socketPath: \\\\?\\pipe\\C:\\Users\\Chaahat\\Desktop\\BCIT_SSD\\PassionProject\\passion-project-abhishekpundir789\\e-commerce\\functions\\14328"}}
[debug] [2021-04-16T18:22:14.804Z] [functions] Runtime ready! Sending request! {"metadata":{"emulator":{"name":"functions"},"message":"[functions] Runtime ready! Sending request!"}}
[debug] [2021-04-16T18:22:14.805Z] [functions] Got req.url=/e-commerce-821f5/us-central1/api/payments/create?total=20000, mapping to path=/payments/create?total=20000 {"metadata":{"emulator":{"name":"functions"},"message":"[functions] Got req.url=/e-commerce-821f5/us-central1/api/payments/create?total=20000, mapping to path=/payments/create?total=20000"}}
[debug] [2021-04-16T18:22:14.810Z] [runtime-status] [14328] Ephemeral server handling POST request {"metadata":{"emulator":{"name":"functions"},"function":{"name":"api"},"message":"[runtime-status] [14328] Ephemeral server handling POST request"}}
[info] >  Payment request recieved 20000 {"user":"Payment request recieved 20000","metadata":{"emulator":{"name":"functions"},"function":{"name":"api"},"message":"\u001b[90m> \u001b[39m Payment request recieved 20000"}}
[debug] [2021-04-16T18:22:14.816Z] [runtime-status] [14328] Ephemeral server survived. {"metadata":{"emulator":{"name":"functions"},"function":{"name":"api"},"message":"[runtime-status] [14328] Ephemeral server survived."}}
[info] i  functions: Finished "api" in ~1s {"metadata":{"emulator":{"name":"functions"},"function":{"name":"api"},"message":"Finished \"api\" in ~1s"}}
[debug] [2021-04-16T18:22:15.124Z] [worker-api-7c37fc54-f3a9-4211-89fb-6237c961eec0]: IDLE {"metadata":{"emulator":{"name":"functions"},"message":"[worker-api-7c37fc54-f3a9-4211-89fb-6237c961eec0]: IDLE"}}
[debug] [2021-04-16T18:22:15.125Z] [work-queue] {"queueLength":0,"workRunningCount":0}
[debug] [2021-04-16T18:24:49.591Z] [work-queue] {"queueLength":1,"workRunningCount":0}
[debug] [2021-04-16T18:24:49.592Z] [work-queue] {"queueLength":0,"workRunningCount":1}
[debug] [2021-04-16T18:24:49.592Z] Accepted request POST /e-commerce-821f5/us-central1/api/payments/create?total=20000 --> api
[debug] [2021-04-16T18:24:49.592Z] [worker-pool] submitWork(triggerId=api) {"metadata":{"emulator":{"name":"functions"},"message":"[worker-pool] submitWork(triggerId=api)"}}
[debug] [2021-04-16T18:24:49.593Z] [worker-api-7c37fc54-f3a9-4211-89fb-6237c961eec0]: Assigning socketPath: \\?\pipe\C:\Users\Chaahat\Desktop\BCIT_SSD\PassionProject\passion-project-abhishekpundir789\e-commerce\functions\14328 {"metadata":{"emulator":{"name":"functions"},"message":"[worker-api-7c37fc54-f3a9-4211-89fb-6237c961eec0]: Assigning socketPath: \\\\?\\pipe\\C:\\Users\\Chaahat\\Desktop\\BCIT_SSD\\PassionProject\\passion-project-abhishekpundir789\\e-commerce\\functions\\14328"}}
[debug] [2021-04-16T18:24:49.593Z] [worker-api-7c37fc54-f3a9-4211-89fb-6237c961eec0]: BUSY {"metadata":{"emulator":{"name":"functions"},"message":"[worker-api-7c37fc54-f3a9-4211-89fb-6237c961eec0]: BUSY"}}
[debug] [2021-04-16T18:24:49.595Z] [runtime-status] [14328] Trigger "api" has been found, beginning invocation! {"metadata":{"emulator":{"name":"functions"},"function":{"name":"api"},"message":"[runtime-status] [14328] Trigger \"api\" has been found, beginning invocation!"}}
[info] i  functions: Beginning execution of "api" {"metadata":{"emulator":{"name":"functions"},"function":{"name":"api"},"message":"Beginning execution of \"api\""}}
[debug] [2021-04-16T18:24:49.598Z] [runtime-status] [14328] triggerDefinition {"httpsTrigger":{},"name":"api","entryPoint":"api"} {"metadata":{"emulator":{"name":"functions"},"function":{"name":"api"},"message":"[runtime-status] [14328] triggerDefinition {\"httpsTrigger\":{},\"name\":\"api\",\"entryPoint\":\"api\"}"}}
[debug] [2021-04-16T18:24:49.599Z] [runtime-status] [14328] Running api in mode HTTPS {"metadata":{"emulator":{"name":"functions"},"function":{"name":"api"},"message":"[runtime-status] [14328] Running api in mode HTTPS"}}
[debug] [2021-04-16T18:24:49.600Z] [runtime-status] [14328] Attempting to listen to socketPath: \\?\pipe\C:\Users\Chaahat\Desktop\BCIT_SSD\PassionProject\passion-project-abhishekpundir789\e-commerce\functions\14328 {"metadata":{"emulator":{"name":"functions"},"function":{"name":"api"},"message":"[runtime-status] [14328] Attempting to listen to socketPath: \\\\?\\pipe\\C:\\Users\\Chaahat\\Desktop\\BCIT_SSD\\PassionProject\\passion-project-abhishekpundir789\\e-commerce\\functions\\14328"}}
[debug] [2021-04-16T18:24:49.603Z] [functions] Runtime ready! Sending request! {"metadata":{"emulator":{"name":"functions"},"message":"[functions] Runtime ready! Sending request!"}}
[debug] [2021-04-16T18:24:49.604Z] [functions] Got req.url=/e-commerce-821f5/us-central1/api/payments/create?total=20000, mapping to path=/payments/create?total=20000 {"metadata":{"emulator":{"name":"functions"},"message":"[functions] Got req.url=/e-commerce-821f5/us-central1/api/payments/create?total=20000, mapping to path=/payments/create?total=20000"}}
[debug] [2021-04-16T18:24:49.614Z] [runtime-status] [14328] Ephemeral server handling POST request {"metadata":{"emulator":{"name":"functions"},"function":{"name":"api"},"message":"[runtime-status] [14328] Ephemeral server handling POST request"}}
[info] >  Payment request recieved 20000 {"user":"Payment request recieved 20000","metadata":{"emulator":{"name":"functions"},"function":{"name":"api"},"message":"\u001b[90m> \u001b[39m Payment request recieved 20000"}}
[debug] [2021-04-16T18:24:49.625Z] [runtime-status] [14328] Ephemeral server survived. {"metadata":{"emulator":{"name":"functions"},"function":{"name":"api"},"message":"[runtime-status] [14328] Ephemeral server survived."}}
[info] i  functions: Finished "api" in ~1s {"metadata":{"emulator":{"name":"functions"},"function":{"name":"api"},"message":"Finished \"api\" in ~1s"}}
[debug] [2021-04-16T18:24:49.985Z] [worker-api-7c37fc54-f3a9-4211-89fb-6237c961eec0]: IDLE {"metadata":{"emulator":{"name":"functions"},"message":"[worker-api-7c37fc54-f3a9-4211-89fb-6237c961eec0]: IDLE"}}
[debug] [2021-04-16T18:24:49.986Z] [work-queue] {"queueLength":0,"workRunningCount":0}
[debug] [2021-04-16T18:25:15.040Z] [work-queue] {"queueLength":1,"workRunningCount":0}
[debug] [2021-04-16T18:25:15.040Z] [work-queue] {"queueLength":0,"workRunningCount":1}
[debug] [2021-04-16T18:25:15.041Z] Accepted request POST /e-commerce-821f5/us-central1/api/payments/create?total=85087 --> api
[debug] [2021-04-16T18:25:15.041Z] [worker-pool] submitWork(triggerId=api) {"metadata":{"emulator":{"name":"functions"},"message":"[worker-pool] submitWork(triggerId=api)"}}
[debug] [2021-04-16T18:25:15.041Z] [worker-api-7c37fc54-f3a9-4211-89fb-6237c961eec0]: Assigning socketPath: \\?\pipe\C:\Users\Chaahat\Desktop\BCIT_SSD\PassionProject\passion-project-abhishekpundir789\e-commerce\functions\14328 {"metadata":{"emulator":{"name":"functions"},"message":"[worker-api-7c37fc54-f3a9-4211-89fb-6237c961eec0]: Assigning socketPath: \\\\?\\pipe\\C:\\Users\\Chaahat\\Desktop\\BCIT_SSD\\PassionProject\\passion-project-abhishekpundir789\\e-commerce\\functions\\14328"}}
[debug] [2021-04-16T18:25:15.041Z] [worker-api-7c37fc54-f3a9-4211-89fb-6237c961eec0]: BUSY {"metadata":{"emulator":{"name":"functions"},"message":"[worker-api-7c37fc54-f3a9-4211-89fb-6237c961eec0]: BUSY"}}
[debug] [2021-04-16T18:25:15.043Z] [runtime-status] [14328] Trigger "api" has been found, beginning invocation! {"metadata":{"emulator":{"name":"functions"},"function":{"name":"api"},"message":"[runtime-status] [14328] Trigger \"api\" has been found, beginning invocation!"}}
[info] i  functions: Beginning execution of "api" {"metadata":{"emulator":{"name":"functions"},"function":{"name":"api"},"message":"Beginning execution of \"api\""}}
[debug] [2021-04-16T18:25:15.047Z] [runtime-status] [14328] triggerDefinition {"httpsTrigger":{},"name":"api","entryPoint":"api"} {"metadata":{"emulator":{"name":"functions"},"function":{"name":"api"},"message":"[runtime-status] [14328] triggerDefinition {\"httpsTrigger\":{},\"name\":\"api\",\"entryPoint\":\"api\"}"}}
[debug] [2021-04-16T18:25:15.047Z] [runtime-status] [14328] Running api in mode HTTPS {"metadata":{"emulator":{"name":"functions"},"function":{"name":"api"},"message":"[runtime-status] [14328] Running api in mode HTTPS"}}
[debug] [2021-04-16T18:25:15.048Z] [runtime-status] [14328] Attempting to listen to socketPath: \\?\pipe\C:\Users\Chaahat\Desktop\BCIT_SSD\PassionProject\passion-project-abhishekpundir789\e-commerce\functions\14328 {"metadata":{"emulator":{"name":"functions"},"function":{"name":"api"},"message":"[runtime-status] [14328] Attempting to listen to socketPath: \\\\?\\pipe\\C:\\Users\\Chaahat\\Desktop\\BCIT_SSD\\PassionProject\\passion-project-abhishekpundir789\\e-commerce\\functions\\14328"}}
[debug] [2021-04-16T18:25:15.052Z] [functions] Runtime ready! Sending request! {"metadata":{"emulator":{"name":"functions"},"message":"[functions] Runtime ready! Sending request!"}}
[debug] [2021-04-16T18:25:15.053Z] [functions] Got req.url=/e-commerce-821f5/us-central1/api/payments/create?total=85087, mapping to path=/payments/create?total=85087 {"metadata":{"emulator":{"name":"functions"},"message":"[functions] Got req.url=/e-commerce-821f5/us-central1/api/payments/create?total=85087, mapping to path=/payments/create?total=85087"}}
[debug] [2021-04-16T18:25:15.063Z] [runtime-status] [14328] Ephemeral server handling POST request {"metadata":{"emulator":{"name":"functions"},"function":{"name":"api"},"message":"[runtime-status] [14328] Ephemeral server handling POST request"}}
[info] >  Payment request recieved 85087 {"user":"Payment request recieved 85087","metadata":{"emulator":{"name":"functions"},"function":{"name":"api"},"message":"\u001b[90m> \u001b[39m Payment request recieved 85087"}}
[debug] [2021-04-16T18:25:15.076Z] [runtime-status] [14328] Ephemeral server survived. {"metadata":{"emulator":{"name":"functions"},"function":{"name":"api"},"message":"[runtime-status] [14328] Ephemeral server survived."}}
[info] i  functions: Finished "api" in ~1s {"metadata":{"emulator":{"name":"functions"},"function":{"name":"api"},"message":"Finished \"api\" in ~1s"}}
[debug] [2021-04-16T18:25:15.301Z] [worker-api-7c37fc54-f3a9-4211-89fb-6237c961eec0]: IDLE {"metadata":{"emulator":{"name":"functions"},"message":"[worker-api-7c37fc54-f3a9-4211-89fb-6237c961eec0]: IDLE"}}
[debug] [2021-04-16T18:25:15.301Z] [work-queue] {"queueLength":0,"workRunningCount":0}
